
       <<            hh                    tt  >>
     <<              hh       ii           tt    >>
   <<                hh                  tttttt    >>
 <<        ppppp     hhhhhh   ii           tt        >>
   <<      pp  pp    hhh  hh  ii  -----    tt      >>
     <<    pp  pp    hh   hh  ii  -----    tt    >>
       <<  ppppp     hh   hh  ii           tt  >>
           pp
           pp  //////////////////////////////
           pp  \\\\\\\\\\\\\\\\\\\\\\\\\\\\\\   Phi-T(R) NeuroBayes(R) Teacher

  Algorithms by Michael Feindt
  Implementation by Phi-T GmbH 2001-2011
  Copyright Phi-T GmbH
  Version     20101019
  Library compiled with:
   Number of Events=       16835
   NB_MAXNODE   =         300
  -----------------------------------

 preprocessing flags/parameters:
 individual preprocessing:
 variable #           2  : PreproFlag =           1          24  , no parameters
 variable #           3  : PreproFlag =           1          12  , no parameters
 variable #           4  : PreproFlag =           1          23  , no parameters
 variable #           5  : PreproFlag =           1          14  , no parameters
 variable #           6  : PreproFlag =           1          23  , no parameters
 variable #           7  : PreproFlag =           1          25  , no parameters
 variable #           8  : PreproFlag =           1          24  , no parameters

 Using weight factor:   2.9683212827562606
 now perform preprocessing
 ***  called with option            22
 ***  This will do for you:
 ***    input variable equalisation
 ***    to Gaussian distribution with mean=0 and sigma=1
 ***    Then variables are decorrelated
 ***    and rotated that all correlation to performance is in 2. input node
 Signal fraction:   2.6900313      %
 ------------------------------
Transdef: Tab for variable   1              0.0000                  0.0000                  0.0000                  0.0000                  0.0000                  0.0000                  0.0000                  0.0000                  0.0000                  0.0000                  0.0000                  0.0000                  0.0000                  0.0000                  0.0000                  0.0000                  0.0000                  0.0000                  0.0000                  0.0000                  0.0000                  0.0000                  0.0000                  0.0000                  0.0000                  0.0000                  0.0000                  0.0000                  0.0000                  0.0000                  0.0000                  0.0000                  0.0000                  0.0000                  0.0000                  0.0000                  0.0000                  0.0000                  0.0000                  0.0000                  0.0000                  0.0000                  0.0000                  0.0000                  0.0000                  0.0000                  0.0000                  0.0000                  0.0000                  0.0000                  0.0000                  0.0000                  0.0000                  0.0000                  0.0000                  0.0000                  0.0000                  0.0000                  0.0000                  0.0000                  0.0000                  0.0000                  0.0000                  0.0000                  0.0000                  0.0000                  0.0000                  0.0000                  0.0000                  0.0000                  0.0000                  0.0000                  0.0000                  0.0000                  0.0000                  0.0000                  0.0000                  0.0000                  0.0000                  0.0000                  0.0000                  0.0000                  0.0000                  0.0000                  0.0000                  0.0000                  0.0000                  0.0000                  0.0000                  0.0000                  0.0000                  0.0000                  0.0000                  0.0000                  0.0000                  0.0000                  0.0000                  0.0000                  1.0000                  1.0000                  1.0000
 ------------------------------
Transdef: Tab for variable   2              2.0000                  2.0623                  2.1246                  2.1869                  2.2492                  2.3114                  2.3737                  2.4360                  2.4983                  2.5606                  2.6228                  2.6851                  2.7474                  2.8097                  2.8719                  2.9342                  2.9965                  3.0588                  3.1211                  3.1833                  3.2456                  3.3079                  3.3702                  3.4325                  3.4947                  3.5570                  3.6193                  3.6816                  3.7438                  3.8061                  3.8684                  3.9307                  3.9930                  4.0552                  4.1175                  4.1798                  4.2421                  4.3044                  4.3666                  4.4289                  4.4912                  4.5535                  4.6157                  4.6780                  4.7403                  4.8026                  4.8649                  4.9271                  4.9894                  5.0517                  5.1140                  5.1762                  5.2385                  5.3008                  5.3631                  5.4254                  5.4876                  5.5499                  5.6122                  5.6745                  5.7368                  5.7990                  5.8613                  5.9236                  5.9859                  6.0481                  6.1104                  6.1727                  6.2350                  6.2973                  6.3595                  6.4218                  6.4841                  6.5464                  6.6087                  6.6709                  6.7332                  6.7955                  6.8578                  6.9200                  6.9823                  7.0446                  7.1069                  7.1692                  7.2314                  7.2937                  7.3560                  7.4183                  7.4806                  7.5428                  7.6051                  7.6674                  7.7297                  7.7919                  7.8542                  7.9165                  7.9788                  8.0411                  8.1033                  8.1656                  8.2279
 do regularised spline fit for input variable #           2
 ------------------------------
Transdef: Tab for variable   3             0.53965E-07             0.28154E-03             0.15228E-02             0.34695E-02             0.65594E-02             0.11053E-01             0.15078E-01             0.23192E-01             0.28428E-01             0.35495E-01             0.42656E-01             0.49728E-01             0.59298E-01             0.68324E-01             0.80799E-01             0.90475E-01             0.98291E-01             0.10994                 0.12181                 0.13173                 0.14427                 0.15352                 0.16575                 0.17885                 0.18935                 0.20545                 0.21805                 0.23508                 0.24878                 0.26316                 0.27929                 0.29346                 0.31217                 0.32979                 0.34688                 0.36472                 0.37797                 0.39442                 0.41010                 0.42704                 0.44061                 0.45757                 0.47218                 0.48861                 0.50383                 0.51738                 0.53754                 0.55088                 0.56606                 0.58026                 0.59495                 0.60901                 0.62153                 0.63523                 0.65059                 0.66330                 0.67675                 0.69077                 0.70376                 0.71687                 0.72943                 0.74215                 0.75194                 0.76517                 0.77669                 0.78490                 0.79397                 0.80742                 0.81916                 0.83077                 0.84242                 0.85410                 0.86139                 0.87046                 0.87951                 0.88857                 0.89768                 0.90659                 0.91387                 0.92080                 0.92816                 0.93406                 0.94075                 0.94634                 0.95379                 0.95838                 0.96459                 0.96853                 0.97355                 0.97745                 0.98207                 0.98556                 0.98863                 0.99217                 0.99468                 0.99656                 0.99777                 0.99868                 0.99949                 0.99988                  1.0000
 ------------------------------
Transdef: Tab for variable   4             -1.4142                 -1.3859                 -1.3576                 -1.3294                 -1.3011                 -1.2728                 -1.2445                 -1.2162                 -1.1879                 -1.1597                 -1.1314                 -1.1031                 -1.0748                 -1.0465                 -1.0182                -0.98995                -0.96167                -0.93338                -0.90510                -0.87681                -0.84853                -0.82024                -0.79196                -0.76368                -0.73539                -0.70711                -0.67882                -0.65054                -0.62225                -0.59397                -0.56569                -0.53740                -0.50912                -0.48083                -0.45255                -0.42426                -0.39598                -0.36770                -0.33941                -0.31113                -0.28284                -0.25456                -0.22627                -0.19799                -0.16971                -0.14142                -0.11314                -0.84853E-01            -0.56568E-01            -0.28284E-01             0.11921E-06             0.28284E-01             0.56569E-01             0.84853E-01             0.11314                 0.14142                 0.16971                 0.19799                 0.22627                 0.25456                 0.28284                 0.31113                 0.33941                 0.36770                 0.39598                 0.42426                 0.45255                 0.48083                 0.50912                 0.53740                 0.56569                 0.59397                 0.62225                 0.65054                 0.67882                 0.70711                 0.73539                 0.76368                 0.79196                 0.82024                 0.84853                 0.87681                 0.90510                 0.93338                 0.96167                 0.98995                  1.0182                  1.0465                  1.0748                  1.1031                  1.1314                  1.1597                  1.1879                  1.2162                  1.2445                  1.2728                  1.3011                  1.3294                  1.3576                  1.3859                  1.4142
 ------------------------------
Transdef: Tab for variable   5              30.063                  32.156                  33.809                  35.220                  36.542                  37.846                  38.954                  39.702                  40.418                  41.162                  41.844                  42.545                  43.236                  43.749                  44.356                  44.850                  45.250                  45.714                  46.260                  46.805                  47.275                  47.688                  48.076                  48.505                  48.867                  49.175                  49.507                  49.880                  50.240                  50.665                  51.079                  51.479                  51.763                  52.145                  52.475                  52.830                  53.160                  53.537                  53.758                  54.111                  54.547                  54.828                  55.178                  55.475                  55.869                  56.190                  56.609                  56.977                  57.237                  57.618                  58.038                  58.456                  58.807                  59.151                  59.469                  59.707                  60.024                  60.436                  60.771                  61.081                  61.430                  61.706                  62.112                  62.479                  62.895                  63.312                  63.892                  64.171                  64.479                  64.861                  65.201                  65.532                  66.016                  66.480                  66.857                  67.303                  67.822                  68.344                  68.813                  69.489                  70.020                  70.484                  71.063                  71.558                  72.114                  72.857                  73.564                  74.301                  75.147                  76.063                  77.194                  78.364                  79.510                  80.993                  82.735                  85.558                  88.622                  94.754                  105.69                  125.02                  485.68
 do regularised spline fit for input variable #           5
 ------------------------------
Transdef: Tab for variable   6              137.54                  150.78                  164.03                  177.27                  190.51                  203.76                  217.00                  230.25                  243.49                  256.74                  269.98                  283.23                  296.47                  309.71                  322.96                  336.20                  349.45                  362.69                  375.94                  389.18                  402.43                  415.67                  428.91                  442.16                  455.40                  468.65                  481.89                  495.14                  508.38                  521.62                  534.87                  548.11                  561.36                  574.60                  587.85                  601.09                  614.34                  627.58                  640.82                  654.07                  667.31                  680.56                  693.80                  707.05                  720.29                  733.54                  746.78                  760.02                  773.27                  786.51                  799.76                  813.00                  826.25                  839.49                  852.74                  865.98                  879.22                  892.47                  905.71                  918.96                  932.20                  945.45                  958.69                  971.94                  985.18                  998.42                  1011.7                  1024.9                  1038.2                  1051.4                  1064.6                  1077.9                  1091.1                  1104.4                  1117.6                  1130.9                  1144.1                  1157.4                  1170.6                  1183.8                  1197.1                  1210.3                  1223.6                  1236.8                  1250.1                  1263.3                  1276.6                  1289.8                  1303.0                  1316.3                  1329.5                  1342.8                  1356.0                  1369.3                  1382.5                  1395.8                  1409.0                  1422.2                  1435.5                  1448.7                  1462.0
 ------------------------------
Transdef: Tab for variable   7             0.26483                  11.996                  23.727                  35.457                  47.188                  58.919                  70.650                  82.381                  94.112                  105.84                  117.57                  129.30                  141.04                  152.77                  164.50                  176.23                  187.96                  199.69                  211.42                  223.15                  234.88                  246.61                  258.34                  270.07                  281.81                  293.54                  305.27                  317.00                  328.73                  340.46                  352.19                  363.92                  375.65                  387.38                  399.11                  410.84                  422.58                  434.31                  446.04                  457.77                  469.50                  481.23                  492.96                  504.69                  516.42                  528.15                  539.88                  551.61                  563.35                  575.08                  586.81                  598.54                  610.27                  622.00                  633.73                  645.46                  657.19                  668.92                  680.65                  692.39                  704.12                  715.85                  727.58                  739.31                  751.04                  762.77                  774.50                  786.23                  797.96                  809.69                  821.42                  833.16                  844.89                  856.62                  868.35                  880.08                  891.81                  903.54                  915.27                  927.00                  938.73                  950.46                  962.19                  973.93                  985.66                  997.39                  1009.1                  1020.8                  1032.6                  1044.3                  1056.0                  1067.8                  1079.5                  1091.2                  1103.0                  1114.7                  1126.4                  1138.2                  1149.9                  1161.6                  1173.3
 do monotonous regularised spline fit for input var #           7
 ------------------------------
Transdef: Tab for variable   8              41.356                  51.727                  62.097                  72.468                  82.838                  93.209                  103.58                  113.95                  124.32                  134.69                  145.06                  155.43                  165.80                  176.17                  186.54                  196.91                  207.28                  217.66                  228.03                  238.40                  248.77                  259.14                  269.51                  279.88                  290.25                  300.62                  310.99                  321.36                  331.73                  342.10                  352.47                  362.84                  373.21                  383.58                  393.95                  404.33                  414.70                  425.07                  435.44                  445.81                  456.18                  466.55                  476.92                  487.29                  497.66                  508.03                  518.40                  528.77                  539.14                  549.51                  559.88                  570.25                  580.62                  591.00                  601.37                  611.74                  622.11                  632.48                  642.85                  653.22                  663.59                  673.96                  684.33                  694.70                  705.07                  715.44                  725.81                  736.18                  746.55                  756.92                  767.29                  777.67                  788.04                  798.41                  808.78                  819.15                  829.52                  839.89                  850.26                  860.63                  871.00                  881.37                  891.74                  902.11                  912.48                  922.85                  933.22                  943.59                  953.96                  964.33                  974.71                  985.08                  995.45                  1005.8                  1016.2                  1026.6                  1036.9                  1047.3                  1057.7                  1068.0                  1078.4
 do regularised spline fit for input variable #           8
 TOTAL CORRELATION OF ALL VARIABLES    35.731363691466882
 ROUND           1 : MAX CORR (   35.718665062445709      )  AFTER KILLING INPUT VARIABLE           4  CONTR  0.95253210376248776
 ROUND           2 : MAX CORR (   35.175489640521299      )  AFTER KILLING INPUT VARIABLE           3  CONTR   6.2054784177175550
 ROUND           3 : MAX CORR (   34.454939663195681      )  AFTER KILLING INPUT VARIABLE           5  CONTR   7.0832340252152006
 ROUND           4 : MAX CORR (   33.270209916110801      )  AFTER KILLING INPUT VARIABLE           6  CONTR   8.9574549584342069
 ROUND           5 : MAX CORR (   32.243778608422204      )  AFTER KILLING INPUT VARIABLE           7  CONTR   8.2003419997663620
 ROUND           6 : MAX CORR (   28.720809943658061      )  AFTER KILLING INPUT VARIABLE           8  CONTR   14.655249405220557
 LAST REMAINING VARIABLE:            2
 total correlation to target:   35.731363691466882       %
 total significance:   23.542873406728582       sigma
 correlations of single variables to target:
 variable           2 :   28.720809943658047       %  ,  in sigma:   18.923721985000288
 variable           3 :   12.139039455636418       %  ,  in sigma:   7.9982357138969613
 variable           4 :   1.7007581072113616       %  ,  in sigma:   1.1206046642744465
 variable           5 :   15.295386972297377       %  ,  in sigma:   10.077906970052718
 variable           6 :   5.5479395362293848       %  ,  in sigma:   3.6554562903745347
 variable           7 :   5.8250934071083549       %  ,  in sigma:   3.8380689259467573
 variable           8 :   15.605142623248637       %  ,  in sigma:   10.282000442116475
 variables sorted by significance:
           1  most relevant variable           2  corr   28.720809943658061       , in sigma:   18.923721985000295
           2  most relevant variable           8  corr   14.655249405220557       , in sigma:   9.6561296812060604
           3  most relevant variable           7  corr   8.2003419997663620       , in sigma:   5.4030855149948867
           4  most relevant variable           6  corr   8.9574549584342069       , in sigma:   5.9019361800415036
           5  most relevant variable           5  corr   7.0832340252152006       , in sigma:   4.6670393944605699
           6  most relevant variable           3  corr   6.2054784177175550       , in sigma:   4.0886990510076764
           7  most relevant variable           4  corr  0.95253210376248776       , in sigma:  0.62760948415972617
 global correlations between input variables:
 variable           2 :   20.394640031409164       %
 variable           3 :   19.421154016932064       %
 variable           4 :   31.729917695751936       %
 variable           5 :   67.870761816597067       %
 variable           6 :   35.307745722222457       %
 variable           7 :   35.700896515099963       %
 variable           8 :   67.392214234855615       %
 significance loss when removing single variables:
 variable           2 : corr =   26.949576050462881       %  ,  sigma =   17.756681855178449
 variable           3 : corr =   6.1915520089044618       %  ,  sigma =   4.0795231437423372
 variable           4 : corr =  0.95253210376249520       %  ,  sigma =  0.62760948415973106
 variable           5 : corr =   6.9682548229117085       %  ,  sigma =   4.5912812782125689
 variable           6 : corr =   9.2269112852655937       %  ,  sigma =   6.0794770163222189
 variable           7 : corr =   10.000216599016101       %  ,  sigma =   6.5889965875197358
 variable           8 : corr =   6.8917994634613899       %  ,  sigma =   4.5409059590854497
 Sum of Weights for output node            2   4341.2995367562926
 FLAT2DEF: TAB(KK=1, II=           2 ) =   -3.3650329
 NVar:    8.0000000            1102
 ---------
 Entering internal boost mode:
 ---------
 Starting analysis with           8  variables.
 PREPRO: (sigma of derived input)/eigenvalue #           1  :   1.2407434094707663
 PREPRO: (sigma of derived input)/eigenvalue #           2  :   1.1385641946800407
 PREPRO: (sigma of derived input)/eigenvalue #           3  :   1.0723613981128455
 PREPRO: (sigma of derived input)/eigenvalue #           4  :   1.0184561369959038
 PREPRO: (sigma of derived input)/eigenvalue #           5  :  0.87155457354552468
 PREPRO: (sigma of derived input)/eigenvalue #           6  :  0.73285424249835196
 PREPRO: (sigma of derived input)/eigenvalue #           7  :  0.49233988264932355
 PREPRO: (sigma of derived input)/eigenvalue #           8  :  0.31093597028346426
 Using           8  variables out of           8  for boost net!
 VARIABLES BEFORE BOOST
 -------------------------------------
 Teacher: actual network topology:
 Nodes(1)     =            9
 Nodes(2)     =            9
 Nodes(3)     =            1
 -------------------------------------
 NBPRESET: start with small weights from bias node
           for IFIXSHAPE > 0 trainings

 ---------------------------------------------------

 Iteration :            1
           1 XLAMBDA   1.0000000000000000       2.14601880756142135E-003  0.64106457333337086      -7.76536163817812512E-005  0.41096378718309684
         201 XLAMBDA  1.00000000000000002E-002  1.30957581579534805E-003   1.1059147085592611       1.30957581579534783E-003   1.2230473426077155
         401 XLAMBDA  1.00000000000000002E-002  1.80313463979008752E-003   1.7559986393588738       1.80313463979008795E-003   3.0835312214302157
         601 XLAMBDA  1.00000000000000002E-002  5.29019307693110417E-003   1.3594813250138380       5.29019307693110070E-003   1.8481894730613806
         801 XLAMBDA  1.00000000000000002E-002  1.30264754428640935E-002   1.0457939916183685       1.30264754428640866E-002   1.0936850729050802
        1001 XLAMBDA  1.00000000000000002E-002  1.91206750318358432E-002   1.0135984535669291       1.91206750318358501E-002   1.0273818250732702
        1201 XLAMBDA  1.00000000000000002E-002  2.82945891933531826E-002   1.0306516748437935       2.82945891933532069E-002   1.0622428748583168
        1401 XLAMBDA  1.00000000000000002E-002  3.48396967303008995E-002   1.0239134293179708       3.48396967303009134E-002   1.0483987107376871
        1601 XLAMBDA  1.00000000000000002E-002  4.39858528572669022E-002   1.0089912497689493       4.39858528572669022E-002   1.0180633421103060
        1801 XLAMBDA  1.00000000000000002E-002  5.22996730943343299E-002   1.0028907354297631       5.22996730943343022E-002   1.0057898272108510
        2001 XLAMBDA  1.00000000000000002E-002  6.11201417963254320E-002   1.0008286800280215       6.11201417963254043E-002   1.0016580467666318
        2201 XLAMBDA  1.00000000000000002E-002  6.71825114241772631E-002   1.0034007868157151       6.71825114241772492E-002   1.0068131389823960
        2401 XLAMBDA  1.00000000000000002E-002  7.25350688306419938E-002   1.0024202493511603       7.25350688306420216E-002   1.0048463563092422
        2601 XLAMBDA  1.00000000000000002E-002  8.89719626749048142E-002   1.0075404556712653       8.89719626749048559E-002   1.0151377698142607
        2801 XLAMBDA  1.00000000000000002E-002  9.59560375114477115E-002   1.0013059925284149       9.59560375114477393E-002   1.0026136906733141
        3001 XLAMBDA  1.00000000000000002E-002  0.10420181211981647        1.0014407857326000       0.10420181211981649        1.0028836473287273
        3201 XLAMBDA  1.00000000000000002E-002  0.11009849628594776        1.0019502265216145       0.11009849628594776        1.0039042564267144
        3401 XLAMBDA  1.00000000000000002E-002  0.11863212227496668        1.0004076516758877       0.11863212227496661        1.0008154695316642
        3601 XLAMBDA  1.00000000000000002E-002  0.12734761875810258        1.0015416772893722       0.12734761875810249        1.0030857313476089
        3801 XLAMBDA  1.00000000000000002E-002  0.13209007875236664        1.0013942240302041       0.13209007875236661        1.0027903919210546
        4001 XLAMBDA  1.00000000000000002E-002  0.13963429898974605        1.0002836755998563       0.13963429898974600        1.0005674316715587
        4201 XLAMBDA  1.00000000000000002E-002  0.14683478140097439        1.0004089066930024       0.14683478140097445        1.0008179805906885
        4401 XLAMBDA  1.00000000000000002E-002  0.15520215847842808        1.0003668732016029       0.15520215847842814        1.0007338809991519
        4601 XLAMBDA  1.00000000000000002E-002  0.16213457730945874        1.0002957564713664       0.16213457730945866        1.0005916004146231
        4801 XLAMBDA  1.00000000000000002E-002  0.17037674753968635        1.0003034327535740       0.17037674753968637        1.0006069575785841
        5001 XLAMBDA  1.00000000000000002E-002  0.17542359313361733        1.0002653044640841       0.17542359313361736        1.0005306793146269
        5201 XLAMBDA  1.00000000000000002E-002  0.18031974047343588        1.0004131796341615       0.18031974047343585        1.0008265299857331
        5401 XLAMBDA  1.00000000000000002E-002  0.18718344579200039        1.0004292684948590       0.18718344579200016        1.0008587212611586
        5601 XLAMBDA  1.00000000000000002E-002  0.19187003807171987        1.0002868177575581       0.19187003807171993        1.0005737177795424
        5801 XLAMBDA  1.00000000000000002E-002  0.20075286429230399        1.0003882060362017       0.20075286429230407        1.0007765627763299
        6001 XLAMBDA  1.00000000000000002E-002  0.21472120244527798        1.0010209339118390       0.21472120244527812        1.0020429101297303
        6201 XLAMBDA  1.00000000000000002E-002  0.22498144487963345        1.0002328117925985       0.22498144487963342        1.0004656777865280
        6401 XLAMBDA  1.00000000000000002E-002  0.23192893435910000        1.0001688092831769       0.23192893435910000        1.0003376470629279
        6601 XLAMBDA  1.00000000000000002E-002  0.23414981568459931        1.0002710568624957       0.23414981568459947        1.0005421871968141
        6801 XLAMBDA  1.00000000000000002E-002  0.23862562532796397        1.0001276575264035       0.23862562532796414        1.0002553313492510
        7001 XLAMBDA  1.00000000000000002E-002  0.24554731280217124        1.0001134187820644       0.24554731280217115        1.0002268504279490
        7201 XLAMBDA  1.00000000000000002E-002  0.25075393104572841        1.0001201760593310       0.25075393104572846        1.0002403665609472
        7401 XLAMBDA  1.00000000000000002E-002  0.25895910929442589        1.0002707713634449       0.25895910929442578        1.0005416160440210
        7601 XLAMBDA  1.00000000000000002E-002  0.26612731183443411        1.0000656414680971       0.26612731183443411        1.0001312872449966
        7801 XLAMBDA  1.00000000000000002E-002  0.26940483676576371        1.0001288172946370       0.26940483676576371        1.0002576511831696
        8001 XLAMBDA  1.00000000000000002E-002  0.27354735200601293        1.0001915311642169       0.27354735200601321        1.0003830990126206
        8201 XLAMBDA  1.00000000000000002E-002  0.27860432521332129        1.0001058282886799       0.27860432521332118        1.0002116677769863
        8401 XLAMBDA  1.00000000000000002E-002  0.28532242471213981        1.0000796857375238       0.28532242471213981        1.0001593778248645
 2 xlambda  0.28532242471213981       0.49985149985149985
 SIGNIFICANCE OF OUTPUTS IN LAYER 1
 RANK           1  NODE           1  -->   3.0675711988987677       sigma out           9  active outputs
 RANK           2  NODE           7  -->   1.5439183270608279       sigma out           9  active outputs
 RANK           3  NODE           4  -->   1.4574669856540705       sigma out           9  active outputs
 RANK           4  NODE           3  -->   1.1871631258007345       sigma out           9  active outputs
 RANK           5  NODE           9  -->  0.98469419087739285       sigma out           9  active outputs
 RANK           6  NODE           8  -->  0.85167258909091825       sigma out           9  active outputs
 RANK           7  NODE           6  -->  0.75590916002894804       sigma out           9  active outputs
 RANK           8  NODE           5  -->  0.57016420787104760       sigma out           9  active outputs
 RANK           9  NODE           2  -->  0.27082847672490373       sigma out           9  active outputs
 SIGNIFICANCE OF INPUTS TO LAYER 2
     sorted by input significance
 RANK           1  NODE           1  -->   3.2775522560145283       sigma in           9 act. (   4.0968912671457520       sig out           1 act.)
 RANK           2  NODE           3  -->   1.7807445096372496       sigma in           9 act. (   2.1773335436301249       sig out           1 act.)
 RANK           3  NODE           9  -->   1.1194515054190242       sigma in           9 act. (   1.0788424354839106       sig out           1 act.)
 RANK           4  NODE           5  -->   1.0194306464838112       sigma in           9 act. (  0.87280644569636778       sig out           1 act.)
 RANK           5  NODE           2  -->  0.97751380915177122       sigma in           9 act. (  0.95968363426326131       sig out           1 act.)
 RANK           6  NODE           4  -->  0.68818699840046826       sigma in           9 act. (  0.76695033612704322       sig out           1 act.)
 RANK           7  NODE           6  -->  0.40720833070591561       sigma in           9 act. (  0.42033403635734717       sig out           1 act.)
 RANK           8  NODE           8  -->  0.35828906401374200       sigma in           9 act. (  0.35991496587847760       sig out           1 act.)
 RANK           9  NODE           7  -->  0.25082139396819614       sigma in           9 act. (  0.26922105004970615       sig out           1 act.)
     sorted by output significance
 RANK           1  NODE           1  -->   4.0968912671457520       sigma out           1 act.(   3.2775522560145283       sig in           9 act.)
 RANK           2  NODE           3  -->   2.1773335436301249       sigma out           1 act.(   1.7807445096372496       sig in           9 act.)
 RANK           3  NODE           9  -->   1.0788424354839106       sigma out           1 act.(   1.1194515054190242       sig in           9 act.)
 RANK           4  NODE           2  -->  0.95968363426326131       sigma out           1 act.(  0.97751380915177122       sig in           9 act.)
 RANK           5  NODE           5  -->  0.87280644569636778       sigma out           1 act.(   1.0194306464838112       sig in           9 act.)
 RANK           6  NODE           4  -->  0.76695033612704322       sigma out           1 act.(  0.68818699840046826       sig in           9 act.)
 RANK           7  NODE           6  -->  0.42033403635734717       sigma out           1 act.(  0.40720833070591561       sig in           9 act.)
 RANK           8  NODE           8  -->  0.35991496587847760       sigma out           1 act.(  0.35828906401374200       sig in           9 act.)
 RANK           9  NODE           7  -->  0.26922105004970615       sigma out           1 act.(  0.25082139396819614       sig in           9 act.)
 RANK            1  NODE           1  -->   5.0337755672868241       sigma in           9  active inputs
 SIGNIFICANCE OF OUTPUTS IN LAYER 1
 RANK           1  NODE           2  -->   6.4679798863400562       sigma out           9  active outputs
 RANK           2  NODE           8  -->   5.6752362914395231       sigma out           9  active outputs
 RANK           3  NODE           9  -->   4.7938116209579240       sigma out           9  active outputs
 RANK           4  NODE           1  -->   3.8622994177018439       sigma out           9  active outputs
 RANK           5  NODE           5  -->   3.4598511803790140       sigma out           9  active outputs
 RANK           6  NODE           7  -->   3.3449121808757361       sigma out           9  active outputs
 RANK           7  NODE           3  -->   3.0185844450839183       sigma out           9  active outputs
 RANK           8  NODE           4  -->   2.6419663083779006       sigma out           9  active outputs
 RANK           9  NODE           6  -->   1.6331836948199809       sigma out           9  active outputs
 SIGNIFICANCE OF INPUTS TO LAYER 2
     sorted by input significance
 RANK           1  NODE           7  -->   8.4557837202596087       sigma in           9 act. (   5.9034246130416506       sig out           1 act.)
 RANK           2  NODE           6  -->   5.6166046685447153       sigma in           9 act. (   7.3887864461318919       sig out           1 act.)
 RANK           3  NODE           1  -->   4.4799037233812262       sigma in           9 act. (   5.6749291902185286       sig out           1 act.)
 RANK           4  NODE           3  -->   4.2903160681728707       sigma in           9 act. (   3.4937960150577720       sig out           1 act.)
 RANK           5  NODE           4  -->   2.5829539039467377       sigma in           9 act. (   2.6898153975847663       sig out           1 act.)
 RANK           6  NODE           8  -->   1.7545870468331470       sigma in           9 act. (  0.37308069513572745       sig out           1 act.)
 RANK           7  NODE           9  -->   1.0467199974334813       sigma in           9 act. (  0.17804083046832408       sig out           1 act.)
 RANK           8  NODE           5  -->   1.0142911393427931       sigma in           9 act. (  0.80712297612358974       sig out           1 act.)
 RANK           9  NODE           2  -->  0.67947083347151993       sigma in           9 act. (  0.13217929140771992       sig out           1 act.)
     sorted by output significance
 RANK           1  NODE           6  -->   7.3887864461318919       sigma out           1 act.(   5.6166046685447153       sig in           9 act.)
 RANK           2  NODE           7  -->   5.9034246130416506       sigma out           1 act.(   8.4557837202596087       sig in           9 act.)
 RANK           3  NODE           1  -->   5.6749291902185286       sigma out           1 act.(   4.4799037233812262       sig in           9 act.)
 RANK           4  NODE           3  -->   3.4937960150577720       sigma out           1 act.(   4.2903160681728707       sig in           9 act.)
 RANK           5  NODE           4  -->   2.6898153975847663       sigma out           1 act.(   2.5829539039467377       sig in           9 act.)
 RANK           6  NODE           5  -->  0.80712297612358974       sigma out           1 act.(   1.0142911393427931       sig in           9 act.)
 RANK           7  NODE           8  -->  0.37308069513572745       sigma out           1 act.(   1.7545870468331470       sig in           9 act.)
 RANK           8  NODE           9  -->  0.17804083046832408       sigma out           1 act.(   1.0467199974334813       sig in           9 act.)
 RANK           9  NODE           2  -->  0.13217929140771992       sigma out           1 act.(  0.67947083347151993       sig in           9 act.)
 RANK            1  NODE           1  -->   11.913476935654879       sigma in           9  active inputs
  ***********************************************
  *** Learn Path            1
  *** loss function: -0.66985912668211189
  *** contribution from regularisation:   0.0000000000000000
  *** contribution from error: -0.66985912668211189
  *** contribution from error: -0.66985912668211189
  ***********************************************

 ---------------------------------------------------

 Iteration :            2
        8601 XLAMBDA  1.00000000000000002E-002  0.28335246969729599        1.0000921328578214       0.28335246969729599        1.0001842742041065
        8801 XLAMBDA  1.00000000000000002E-002  0.28086468483474636        1.0000098796073653       0.28086468483474636        1.0000197593123374
        9001 XLAMBDA  1.00000000000000002E-002  0.27850342791413812        1.0000060331118568       0.27850342791413812        1.0000120662601120
        9201 XLAMBDA  1.00000000000000002E-002  0.27610470990490349        1.0000124514480331       0.27610470990490343        1.0000249030511046
        9401 XLAMBDA  1.00000000000000002E-002  0.27378532769910635        1.0000088039405630       0.27378532769910630        1.0000176079586356
        9601 XLAMBDA  1.00000000000000002E-002  0.27108653426036611        1.0000166483652071       0.27108653426036611        1.0000332970075820
        9801 XLAMBDA  1.00000000000000002E-002  0.26875515956729029        1.0000113819361420       0.26875515956729013        1.0000227640018324
       10001 XLAMBDA  1.00000000000000002E-002  0.26621837309097057        1.0000093152506615       0.26621837309097063        1.0000186305880967
       10201 XLAMBDA  1.00000000000000002E-002  0.26396982197468066        1.0000063250478468       0.26396982197468072        1.0000126501357001
       10401 XLAMBDA  1.00000000000000002E-002  0.26149112984209694        1.0000406336050509       0.26149112984209694        1.0000812688611915
       10601 XLAMBDA  1.00000000000000002E-002  0.25932929463826188        1.0000319103623174       0.25932929463826160        1.0000638217429059
       10801 XLAMBDA  1.00000000000000002E-002  0.25709945842489895        1.0000153152674363       0.25709945842489906        1.0000306307694300
       11001 XLAMBDA  1.00000000000000002E-002  0.25501911491074442        1.0000249458313688       0.25501911491074436        1.0000498922850320
       11201 XLAMBDA  1.00000000000000002E-002  0.25288384771198996        1.0000075159884048       0.25288384771198985        1.0000150320332994
       11401 XLAMBDA  1.00000000000000002E-002  0.24982263912388122        1.0000378098841336       0.24982263912388120        1.0000756211978548
       11601 XLAMBDA  1.00000000000000002E-002  0.24771025222717230        1.0000353878845358       0.24771025222717247        1.0000707770213741
       11801 XLAMBDA  1.00000000000000002E-002  0.24561566422551204        1.0000119860888002       0.24561566422551209        1.0000239723212665
       12001 XLAMBDA  1.00000000000000002E-002  0.24301040242798475        1.0000910548070132       0.24301040242798480        1.0001821179050041
       12201 XLAMBDA  1.00000000000000002E-002  0.24081185944243261        1.0000307034512854       0.24081185944243252        1.0000614078452728
       12401 XLAMBDA  1.00000000000000002E-002  0.23884635211334138        1.0000118442777999       0.23884635211334124        1.0000236886958866
       12601 XLAMBDA  1.00000000000000002E-002  0.23715292148908082        1.0000167620368947       0.23715292148908076        1.0000335243547551
       12801 XLAMBDA  1.00000000000000002E-002  0.23541558034009660        1.0000124628448110       0.23541558034009655        1.0000249258449445
       13001 XLAMBDA  1.00000000000000002E-002  0.23367350327114508        1.0000145092329096       0.23367350327114514        1.0000290186763372
       13201 XLAMBDA  1.00000000000000002E-002  0.23185578038598148        1.0000313027392287       0.23185578038598145        1.0000626064583189
       13401 XLAMBDA  1.00000000000000002E-002  0.23016141591817768        1.0000461143293127       0.23016141591817757        1.0000922307851565
       13601 XLAMBDA  1.00000000000000002E-002  0.22859348628256962        1.0000452705199843       0.22859348628256948        1.0000905430893885
       13801 XLAMBDA  1.00000000000000002E-002  0.22716214702401327        1.0000402463530920       0.22716214702401333        1.0000804943259527
       14001 XLAMBDA  1.00000000000000002E-002  0.22586977354807444        1.0000669520073799       0.22586977354807422        1.0001339084973311
       14201 XLAMBDA  1.00000000000000002E-002  0.22422926384311767        1.0000134877133700       0.22422926384311778        1.0000269756086584
       14401 XLAMBDA  1.00000000000000002E-002  0.22194251099452883        1.0002478695830830       0.22194251099452875        1.0004958006054960
       14601 XLAMBDA  1.00000000000000002E-002  0.22015775693996403        1.0000423268604945       0.22015775693996409        1.0000846555125522
       14801 XLAMBDA  1.00000000000000002E-002  0.21877530076674423        1.0000242091158658       0.21877530076674423        1.0000484188178129
       15001 XLAMBDA  1.00000000000000002E-002  0.21702076548036406        1.0000120210028201       0.21702076548036414        1.0000240421501447
       15201 XLAMBDA  1.00000000000000002E-002  0.21563651431582281        1.0000231885344071       0.21563651431582290        1.0000463776065223
       15401 XLAMBDA  1.00000000000000002E-002  0.21411530205939142        1.0000174294542516       0.21411530205939147        1.0000348592122890
       15601 XLAMBDA  1.00000000000000002E-002  0.21290533678604312        1.0001732921349087       0.21290533678604309        1.0003466142999815
       15801 XLAMBDA  1.00000000000000002E-002  0.21180588807695624        1.0000451366183720       0.21180588807695630        1.0000902752740584
       16001 XLAMBDA  1.00000000000000002E-002  0.21044214199299391        1.0002046253283048       0.21044214199299399        1.0004092925281347
       16201 XLAMBDA  1.00000000000000002E-002  0.20946600117087477        1.0000586349597567       0.20946600117087483        1.0001172733575718
       16401 XLAMBDA  1.00000000000000002E-002  0.20827785688338282        1.0000503472418847       0.20827785688338288        1.0001006970186141
       16601 XLAMBDA  1.00000000000000002E-002  0.20702786486751462        1.0000202408939955       0.20702786486751457        1.0000404821976849
       16801 XLAMBDA  1.00000000000000002E-002  0.20570890340505724        1.0000142096990936       0.20570890340505713        1.0000284196001028
 2 xlambda  0.20570890340505724       0.49985149985149985
  ***********************************************
  *** Learn Path            2
  *** loss function: -0.67306051448838489
  *** contribution from regularisation:   0.0000000000000000
  *** contribution from error: -0.67306051448838489
  *** contribution from error: -0.67306051448838489
  ***********************************************

 ---------------------------------------------------

 Iteration :            3
       17001 XLAMBDA  1.00000000000000002E-002  0.20450407115033259        1.0000331766891357       0.20450407115033248        1.0000663544789641
       17201 XLAMBDA  1.00000000000000002E-002  0.20346812226683123        1.0000623937500734       0.20346812226683136        1.0001247913931270
       17401 XLAMBDA  1.00000000000000002E-002  0.20281476727267406        1.0001079370028640       0.20281476727267400        1.0002158856561247
       17601 XLAMBDA  1.00000000000000002E-002  0.20245892797518047        1.0001370244566197       0.20245892797518053        1.0002740676889412
       17801 XLAMBDA  1.00000000000000002E-002  0.20203603276336837        1.0001979700275880       0.20203603276336843        1.0003959792473081
       18001 XLAMBDA  1.00000000000000002E-002  0.20116467280247008        1.0000554412681479       0.20116467280247013        1.0001108856100303
       18201 XLAMBDA  1.00000000000000002E-002  0.20027832997475750        1.0000522506303586       0.20027832997475745        1.0001045039908456
       18401 XLAMBDA  1.00000000000000002E-002  0.19967366995650410        1.0000641202619769       0.19967366995650410        1.0001282446353617
       18601 XLAMBDA  1.00000000000000002E-002  0.19968249769309718        1.0002213495652847       0.19968249769309712        1.0004427481261997
       18801 XLAMBDA  1.00000000000000002E-002  0.19969208727569088        1.0002305106815703       0.19969208727569096        1.0004610744983149
       19001 XLAMBDA  1.00000000000000002E-002  0.19963512644584178        1.0001055489368735       0.19963512644584192        1.0002111090143253
       19201 XLAMBDA  1.00000000000000002E-002  0.19898571627080081        1.0000505145858893       0.19898571627080094        1.0001010317235022
       19401 XLAMBDA  1.00000000000000002E-002  0.19838561796568518        1.0000676073564339       0.19838561796568513        1.0001352192836224
       19601 XLAMBDA  1.00000000000000002E-002  0.19795980321710444        1.0000577304382019       0.19795980321710449        1.0001154642092072
       19801 XLAMBDA  1.00000000000000002E-002  0.19769901526639164        1.0000763470594993       0.19769901526639164        1.0001526999478720
       20001 XLAMBDA  1.00000000000000002E-002  0.19731258616188330        1.0000751011960904       0.19731258616188327        1.0001502080323708
       20201 XLAMBDA  1.00000000000000002E-002  0.19703760211831567        1.0000817295289968       0.19703760211831572        1.0001634657377096
       20401 XLAMBDA  1.00000000000000002E-002  0.19672334789310947        1.0000774693905188       0.19672334789310952        1.0001549447825440
       20601 XLAMBDA  1.00000000000000002E-002  0.19651102820610816        1.0000738028167373       0.19651102820610811        1.0001476110803305
       20801 XLAMBDA  1.00000000000000002E-002  0.19617045008682102        1.0000483732209220       0.19617045008682102        1.0000967487818127
       21001 XLAMBDA  1.00000000000000002E-002  0.19609341940058486        1.0000844130926902       0.19609341940058486        1.0001688333109509
       21201 XLAMBDA  1.00000000000000002E-002  0.19644372962669210        1.0001387348900534       0.19644372962669218        1.0002774890274768
       21401 XLAMBDA  1.00000000000000002E-002  0.19684144024089928        1.0001194872019978       0.19684144024089922        1.0002389886811873
       21601 XLAMBDA  1.00000000000000002E-002  0.19723282977922704        1.0000976181431340       0.19723282977922721        1.0001952458155701
       21801 XLAMBDA  1.00000000000000002E-002  0.19753302483996985        1.0000783356081553       0.19753302483996985        1.0001566773527779
       22001 XLAMBDA  1.00000000000000002E-002  0.19773981012285125        1.0000792860443073       0.19773981012285122        1.0001585783748914
       22201 XLAMBDA  1.00000000000000002E-002  0.19793536703141079        1.0000806567456961       0.19793536703141076        1.0001613199969028
       22401 XLAMBDA  1.00000000000000002E-002  0.19791195249281338        1.0000576398976693       0.19791195249281343        1.0001152831176965
       22601 XLAMBDA  1.00000000000000002E-002  0.19979588529157521        1.0003515833835952       0.19979588529157530        1.0007032903780659
       22801 XLAMBDA  1.00000000000000002E-002  0.20095507316232189        1.0001395117893881       0.20095507316232186        1.0002790430423154
       23001 XLAMBDA  1.00000000000000002E-002  0.20135722012867388        1.0000701927886368       0.20135722012867383        1.0001403905043011
       23201 XLAMBDA  1.00000000000000002E-002  0.20119826472855934        1.0000624917229579       0.20119826472855923        1.0001249873511311
       23401 XLAMBDA  1.00000000000000002E-002  0.20105154345587248        1.0001597261666468       0.20105154345587242        1.0003194778457418
       23601 XLAMBDA  1.00000000000000002E-002  0.20218985537421399        1.0001408819976825       0.20218985537421383        1.0002817838431024
       23801 XLAMBDA  1.00000000000000002E-002  0.20364874105261815        1.0001397272885466       0.20364874105261821        1.0002794741008083
       24001 XLAMBDA  1.00000000000000002E-002  0.20449582455426873        1.0000836352331708       0.20449582455426871        1.0001672774611936
       24201 XLAMBDA  1.00000000000000002E-002  0.20471414321528514        1.0000427325539003       0.20471414321528511        1.0000854669338719
       24401 XLAMBDA  1.00000000000000002E-002  0.20672525693714849        1.0002080772719060       0.20672525693714849        1.0004161978399631
       24601 XLAMBDA  1.00000000000000002E-002  0.20843392836840111        1.0001168500917998       0.20843392836840111        1.0002337138375434
       24801 XLAMBDA  1.00000000000000002E-002  0.20924961386033972        1.0000778738724394       0.20924961386033963        1.0001557538092187
       25001 XLAMBDA  1.00000000000000002E-002  0.20968362010214214        1.0000618200489482       0.20968362010214209        1.0001236439196148
       25201 XLAMBDA  1.00000000000000002E-002  0.21193268258615727        1.0002455426054211       0.21193268258615722        1.0004911455020131
 2 xlambda  0.21193268258615727       0.49985149985149985
  ***********************************************
  *** Learn Path            3
  *** loss function: -0.67200859883413766
  *** contribution from regularisation:   0.0000000000000000
  *** contribution from error: -0.67200859883413766
  *** contribution from error: -0.67200859883413766
  ***********************************************

 ---------------------------------------------------

 Iteration :            4
  ***********************************************
  *** Learn Path            4
  *** loss function: -0.67325800794478474
  *** contribution from regularisation:   0.0000000000000000
  *** contribution from error: -0.67325800794478474
  *** contribution from error: -0.67325800794478474
  ***********************************************

 ---------------------------------------------------

 Iteration :            5
  ***********************************************
  *** Learn Path            5
  *** loss function: -0.67430972031454695
  *** contribution from regularisation:   0.0000000000000000
  *** contribution from error: -0.67430972031454695
  *** contribution from error: -0.67430972031454695
  ***********************************************

 ---------------------------------------------------

 Iteration :            6
       25401 XLAMBDA  1.00000000000000002E-002  0.21857060899581796        1.0012945386076775       0.21857060899581787        1.0025907530455618
       25601 XLAMBDA  1.00000000000000002E-002  0.22331480223999156        1.0003380362950856       0.22331480223999151        1.0006761868587080
       25801 XLAMBDA  1.00000000000000002E-002  0.22716837221659952        1.0003358246120082       0.22716837221659958        1.0006717620021865
       26001 XLAMBDA  1.00000000000000002E-002  0.23291551801607793        1.0005246786887132       0.23291551801607790        1.0010496326651526
       26201 XLAMBDA  1.00000000000000002E-002  0.23800661044761545        1.0003185250471223       0.23800661044761556        1.0006371515524504
       26401 XLAMBDA  1.00000000000000002E-002  0.25128393678650285        1.0016334425715929       0.25128393678650290        1.0032695532778206
       26601 XLAMBDA  1.00000000000000002E-002  0.25618362746503665        1.0001773910942202       0.25618362746503670        1.0003548136560407
       26801 XLAMBDA  1.00000000000000002E-002  0.26966000677174506        1.0018078639960373       0.26966000677174501        1.0036189963643027
       27001 XLAMBDA  1.00000000000000002E-002  0.28238233133387147        1.0006627308536074       0.28238233133387147        1.0013259009193989
       27201 XLAMBDA  1.00000000000000002E-002  0.28420375740195847        1.0000309551878668       0.28420375740195852        1.0000619113339571
       27401 XLAMBDA  1.00000000000000002E-002  0.29022277909690342        1.0003374973818679       0.29022277909690336        1.0006751086682186
       27601 XLAMBDA  1.00000000000000002E-002  0.29760509561702259        1.0002242605050156       0.29760509561702253        1.0004485713028051
       27801 XLAMBDA  1.00000000000000002E-002  0.31266836376088891        1.0006784624567564       0.31266836376088875        1.0013573852248179
       28001 XLAMBDA  1.00000000000000002E-002  0.31764351431615051        1.0001271162006988       0.31764351431615045        1.0002542485599262
       28201 XLAMBDA  1.00000000000000002E-002  0.32619143909125775        1.0003988772972021       0.32619143909125770        1.0007979136975023
       28401 XLAMBDA  1.00000000000000002E-002  0.33312517485683807        1.0001116543042234       0.33312517485683790        1.0002233210751303
       28601 XLAMBDA  1.00000000000000002E-002  0.34188313941949972        1.0004049958798704       0.34188313941949972        1.0008101557814038
       28801 XLAMBDA  1.00000000000000002E-002  0.35050942415503389        1.0001291233575609       0.35050942415503394        1.0002582633879633
       29001 XLAMBDA  1.00000000000000002E-002  0.36132559096711064        1.0002357479668311       0.36132559096711070        1.0004715515107663
       29201 XLAMBDA  1.00000000000000002E-002  0.37316873380484539        1.0001796128684926       0.37316873380484539        1.0003592579977676
       29401 XLAMBDA  1.00000000000000002E-002  0.37938148958598439        1.0000818759206294       0.37938148958598439        1.0001637585449252
       29601 XLAMBDA  1.00000000000000002E-002  0.38867179637628962        1.0001548092872432       0.38867179637628974        1.0003096425404017
       29801 XLAMBDA  1.00000000000000002E-002  0.39653888774009760        1.0001325092021411       0.39653888774009749        1.0002650359629710
       30001 XLAMBDA  1.00000000000000002E-002  0.40942391676688511        1.0001921465117862       0.40942391676688511        1.0003843299438546
       30201 XLAMBDA  1.00000000000000002E-002  0.41194407610973321        1.0000267526393278       0.41194407610973333        1.0000535059943592
       30401 XLAMBDA  1.00000000000000002E-002  0.41731757586339241        1.0000628103656788       0.41731757586339235        1.0001256246764996
       30601 XLAMBDA  1.00000000000000002E-002  0.42646831689056430        1.0000647100908631       0.42646831689056441        1.0001294243691219
       30801 XLAMBDA  1.00000000000000002E-002  0.44042620227914947        1.0001151123612109       0.44042620227914941        1.0002302379732775
       31001 XLAMBDA  1.00000000000000002E-002  0.44754745439706051        1.0000492914312273       0.44754745439706062        1.0000985852921001
       31201 XLAMBDA  1.00000000000000002E-002  0.45538075693409225        1.0000993704453454       0.45538075693409225        1.0001987507651759
       31401 XLAMBDA  1.00000000000000002E-002  0.46717483110513297        1.0000811029583003       0.46717483110513280        1.0001622124942906
       31601 XLAMBDA  1.00000000000000002E-002  0.46945316064020320        1.0000132475983832       0.46945316064020309        1.0000264953722653
       31801 XLAMBDA  1.00000000000000002E-002  0.47525208936031843        1.0000305900715933       0.47525208936031854        1.0000611810789390
       32001 XLAMBDA  1.00000000000000002E-002  0.48301841823846581        1.0000340687290981       0.48301841823846581        1.0000681386188743
       32201 XLAMBDA  1.00000000000000002E-002  0.48673413606259364        1.0000240553038726       0.48673413606259375        1.0000481111864030
       32401 XLAMBDA  1.00000000000000002E-002  0.49064028302845902        1.0000173976615272       0.49064028302845913        1.0000347956257329
       32601 XLAMBDA  1.00000000000000002E-002  0.49765880532250117        1.0000388569444745       0.49765880532250106        1.0000777153988112
       32801 XLAMBDA  1.00000000000000002E-002  0.50125938201425868        1.0000267785476515       0.50125938201425879        1.0000535578123939
       33001 XLAMBDA  1.00000000000000002E-002  0.50488358096483188        1.0000108006701824       0.50488358096483188        1.0000216014570193
       33201 XLAMBDA  1.00000000000000002E-002  0.50552411409819187        1.0000073922754178       0.50552411409819176        1.0000147846054814
       33401 XLAMBDA  1.00000000000000002E-002  0.51021908751815592        1.0000667831697063       0.51021908751815592        1.0001335707994046
       33601 XLAMBDA  1.00000000000000002E-002  0.51989625933983430        1.0000772750260796       0.51989625933983441        1.0001545560235889
 2 xlambda  0.51989625933983430       0.49985149985149985
  ***********************************************
  *** Learn Path            6
  *** loss function: -0.67453819286871430
  *** contribution from regularisation:   0.0000000000000000
  *** contribution from error: -0.67453819286871430
  *** contribution from error: -0.67453819286871430
  ***********************************************

 ---------------------------------------------------

 Iteration :            7
  ***********************************************
  *** Learn Path            7
  *** loss function: -0.67463640419130255
  *** contribution from regularisation:   0.0000000000000000
  *** contribution from error: -0.67463640419130255
  *** contribution from error: -0.67463640419130255
  ***********************************************

 ---------------------------------------------------

 Iteration :          220
 SIGNIFICANCE OF OUTPUTS IN LAYER 1
 RANK           1  NODE           2  -->   14.358546504824828       sigma out           9  active outputs
 RANK           2  NODE           8  -->   9.6551483226025709       sigma out           9  active outputs
 RANK           3  NODE           5  -->   7.9429458848309338       sigma out           9  active outputs
 RANK           4  NODE           9  -->   6.4336466135506356       sigma out           9  active outputs
 RANK           5  NODE           7  -->   5.0807899113930732       sigma out           9  active outputs
 RANK           6  NODE           1  -->   4.6360127830396598       sigma out           9  active outputs
 RANK           7  NODE           4  -->   4.2127171894858391       sigma out           9  active outputs
 RANK           8  NODE           3  -->   4.2019100805853302       sigma out           9  active outputs
 RANK           9  NODE           6  -->   2.9827917927939804       sigma out           9  active outputs
 SIGNIFICANCE OF INPUTS TO LAYER 2
     sorted by input significance
 RANK           1  NODE           7  -->   14.611017277999986       sigma in           9 act. (   9.3873898000558693       sig out           1 act.)
 RANK           2  NODE           6  -->   12.672218558748817       sigma in           9 act. (   9.4199282128136055       sig out           1 act.)
 RANK           3  NODE           3  -->   7.3741650114318196       sigma in           9 act. (   5.3435639147019511       sig out           1 act.)
 RANK           4  NODE           1  -->   4.2346384389931915       sigma in           9 act. (   6.7060785373854568       sig out           1 act.)
 RANK           5  NODE           4  -->   3.6898602787247357       sigma in           9 act. (   2.7741592084154392       sig out           1 act.)
 RANK           6  NODE           8  -->   3.6540565782772960       sigma in           9 act. (   2.0104981221881326       sig out           1 act.)
 RANK           7  NODE           5  -->   3.1045927155074775       sigma in           9 act. (   2.8707235069580936       sig out           1 act.)
 RANK           8  NODE           2  -->   2.7513183982325455       sigma in           9 act. (   3.5396978765087233       sig out           1 act.)
 RANK           9  NODE           9  -->   2.2195040609193679       sigma in           9 act. (   1.9485404764577832       sig out           1 act.)
     sorted by output significance
 RANK           1  NODE           6  -->   9.4199282128136055       sigma out           1 act.(   12.672218558748817       sig in           9 act.)
 RANK           2  NODE           7  -->   9.3873898000558693       sigma out           1 act.(   14.611017277999986       sig in           9 act.)
 RANK           3  NODE           1  -->   6.7060785373854568       sigma out           1 act.(   4.2346384389931915       sig in           9 act.)
 RANK           4  NODE           3  -->   5.3435639147019511       sigma out           1 act.(   7.3741650114318196       sig in           9 act.)
 RANK           5  NODE           2  -->   3.5396978765087233       sigma out           1 act.(   2.7513183982325455       sig in           9 act.)
 RANK           6  NODE           5  -->   2.8707235069580936       sigma out           1 act.(   3.1045927155074775       sig in           9 act.)
 RANK           7  NODE           4  -->   2.7741592084154392       sigma out           1 act.(   3.6898602787247357       sig in           9 act.)
 RANK           8  NODE           8  -->   2.0104981221881326       sigma out           1 act.(   3.6540565782772960       sig in           9 act.)
 RANK           9  NODE           9  -->   1.9485404764577832       sigma out           1 act.(   2.2195040609193679       sig in           9 act.)
 RANK            1  NODE           1  -->   16.931883709869854       sigma in           9  active inputs
  ***********************************************
  *** Learn Path          220
  *** loss function: -0.67463640419130122
  *** contribution from regularisation:   0.0000000000000000
  *** contribution from error: -0.67463640419130122
  *** contribution from error: -0.67463640419130122
  ***********************************************
 -----------------> Test sample
 END OF LEARNING , export EXPERTISE
 WRITE NETWORK WEIGHTS TO EXPERTISE
 NB_AHITOUT: storage space       27165
