
       <<            hh                    tt  >>
     <<              hh       ii           tt    >>
   <<                hh                  tttttt    >>
 <<        ppppp     hhhhhh   ii           tt        >>
   <<      pp  pp    hhh  hh  ii  -----    tt      >>
     <<    pp  pp    hh   hh  ii  -----    tt    >>
       <<  ppppp     hh   hh  ii           tt  >>
           pp
           pp  //////////////////////////////
           pp  \\\\\\\\\\\\\\\\\\\\\\\\\\\\\\   Phi-T(R) NeuroBayes(R) Teacher

  Algorithms by Michael Feindt
  Implementation by Phi-T GmbH 2001-2011
  Copyright Phi-T GmbH
  Version     20101019
  Library compiled with:
   Number of Events=       11345
   NB_MAXNODE   =         300
  -----------------------------------

 preprocessing flags/parameters:
 individual preprocessing:
 variable #           2  : PreproFlag =           1          24  , no parameters
 variable #           3  : PreproFlag =           1          24  , no parameters
 variable #           4  : PreproFlag =           1          25  , no parameters
 variable #           5  : PreproFlag =           1          23  , no parameters
 variable #           6  : PreproFlag =           1          12  , no parameters
 variable #           7  : PreproFlag =           1          23  , no parameters
 variable #           8  : PreproFlag =           1          14  , no parameters

 Using weight factor:   2.9092546334425813
 now perform preprocessing
 ***  called with option            12
 ***  This will do for you:
 ***    input variable equalisation
 ***    to Gaussian distribution with mean=0 and sigma=1
 ***    Then variables are decorrelated
 Signal fraction:   1.3621484      %
 ------------------------------
Transdef: Tab for variable   1             -1.0000                 -1.0000                 -1.0000                 -1.0000                 -1.0000                 -1.0000                 -1.0000                 -1.0000                 -1.0000                 -1.0000                 -1.0000                 -1.0000                 -1.0000                 -1.0000                 -1.0000                 -1.0000                 -1.0000                 -1.0000                 -1.0000                 -1.0000                 -1.0000                 -1.0000                 -1.0000                 -1.0000                 -1.0000                 -1.0000                 -1.0000                 -1.0000                 -1.0000                 -1.0000                 -1.0000                 -1.0000                 -1.0000                 -1.0000                 -1.0000                 -1.0000                 -1.0000                 -1.0000                 -1.0000                 -1.0000                 -1.0000                 -1.0000                 -1.0000                 -1.0000                 -1.0000                 -1.0000                 -1.0000                 -1.0000                 -1.0000                 -1.0000                 -1.0000                 -1.0000                 -1.0000                 -1.0000                 -1.0000                 -1.0000                 -1.0000                 -1.0000                 -1.0000                 -1.0000                 -1.0000                 -1.0000                 -1.0000                 -1.0000                 -1.0000                 -1.0000                 -1.0000                 -1.0000                 -1.0000                 -1.0000                 -1.0000                 -1.0000                 -1.0000                 -1.0000                 -1.0000                 -1.0000                 -1.0000                 -1.0000                 -1.0000                 -1.0000                 -1.0000                 -1.0000                 -1.0000                 -1.0000                 -1.0000                 -1.0000                 -1.0000                 -1.0000                 -1.0000                 -1.0000                 -1.0000                 -1.0000                 -1.0000                 -1.0000                 -1.0000                 -1.0000                 -1.0000                 -1.0000                 -1.0000                  1.0000                  1.0000
 ------------------------------
Transdef: Tab for variable   2              38.431                  48.499                  58.567                  68.635                  78.703                  88.771                  98.840                  108.91                  118.98                  129.04                  139.11                  149.18                  159.25                  169.32                  179.38                  189.45                  199.52                  209.59                  219.66                  229.73                  239.79                  249.86                  259.93                  270.00                  280.07                  290.13                  300.20                  310.27                  320.34                  330.41                  340.47                  350.54                  360.61                  370.68                  380.75                  390.81                  400.88                  410.95                  421.02                  431.09                  441.16                  451.22                  461.29                  471.36                  481.43                  491.50                  501.56                  511.63                  521.70                  531.77                  541.84                  551.90                  561.97                  572.04                  582.11                  592.18                  602.25                  612.31                  622.38                  632.45                  642.52                  652.59                  662.65                  672.72                  682.79                  692.86                  702.93                  712.99                  723.06                  733.13                  743.20                  753.27                  763.33                  773.40                  783.47                  793.54                  803.61                  813.68                  823.74                  833.81                  843.88                  853.95                  864.02                  874.08                  884.15                  894.22                  904.29                  914.36                  924.42                  934.49                  944.56                  954.63                  964.70                  974.77                  984.83                  994.90                  1005.0                  1015.0                  1025.1                  1035.2                  1045.2
 do regularised spline fit for input variable #           2
 ------------------------------
Transdef: Tab for variable   3              2.0001                  2.0624                  2.1247                  2.1869                  2.2492                  2.3115                  2.3738                  2.4361                  2.4983                  2.5606                  2.6229                  2.6852                  2.7474                  2.8097                  2.8720                  2.9343                  2.9966                  3.0588                  3.1211                  3.1834                  3.2457                  3.3079                  3.3702                  3.4325                  3.4948                  3.5571                  3.6193                  3.6816                  3.7439                  3.8062                  3.8684                  3.9307                  3.9930                  4.0553                  4.1176                  4.1798                  4.2421                  4.3044                  4.3667                  4.4289                  4.4912                  4.5535                  4.6158                  4.6781                  4.7403                  4.8026                  4.8649                  4.9272                  4.9894                  5.0517                  5.1140                  5.1763                  5.2386                  5.3008                  5.3631                  5.4254                  5.4877                  5.5499                  5.6122                  5.6745                  5.7368                  5.7991                  5.8613                  5.9236                  5.9859                  6.0482                  6.1104                  6.1727                  6.2350                  6.2973                  6.3596                  6.4218                  6.4841                  6.5464                  6.6087                  6.6709                  6.7332                  6.7955                  6.8578                  6.9201                  6.9823                  7.0446                  7.1069                  7.1692                  7.2314                  7.2937                  7.3560                  7.4183                  7.4806                  7.5428                  7.6051                  7.6674                  7.7297                  7.7919                  7.8542                  7.9165                  7.9788                  8.0411                  8.1033                  8.1656                  8.2279
 do regularised spline fit for input variable #           3
 ------------------------------
Transdef: Tab for variable   4             0.28719                  11.931                  23.574                  35.217                  46.860                  58.504                  70.147                  81.790                  93.434                  105.08                  116.72                  128.36                  140.01                  151.65                  163.29                  174.94                  186.58                  198.22                  209.87                  221.51                  233.15                  244.80                  256.44                  268.08                  279.73                  291.37                  303.01                  314.66                  326.30                  337.94                  349.59                  361.23                  372.87                  384.52                  396.16                  407.80                  419.45                  431.09                  442.73                  454.38                  466.02                  477.66                  489.31                  500.95                  512.59                  524.24                  535.88                  547.52                  559.17                  570.81                  582.45                  594.10                  605.74                  617.38                  629.03                  640.67                  652.31                  663.96                  675.60                  687.24                  698.89                  710.53                  722.17                  733.82                  745.46                  757.10                  768.75                  780.39                  792.03                  803.68                  815.32                  826.96                  838.61                  850.25                  861.89                  873.54                  885.18                  896.82                  908.47                  920.11                  931.75                  943.40                  955.04                  966.68                  978.33                  989.97                  1001.6                  1013.3                  1024.9                  1036.5                  1048.2                  1059.8                  1071.5                  1083.1                  1094.8                  1106.4                  1118.0                  1129.7                  1141.3                  1153.0                  1164.6
 do monotonous regularised spline fit for input var #           4
 ------------------------------
Transdef: Tab for variable   5             -1.4142                 -1.3859                 -1.3576                 -1.3294                 -1.3011                 -1.2728                 -1.2445                 -1.2162                 -1.1879                 -1.1597                 -1.1314                 -1.1031                 -1.0748                 -1.0465                 -1.0182                -0.98995                -0.96167                -0.93338                -0.90510                -0.87681                -0.84853                -0.82024                -0.79196                -0.76368                -0.73539                -0.70711                -0.67882                -0.65054                -0.62225                -0.59397                -0.56569                -0.53740                -0.50912                -0.48083                -0.45255                -0.42426                -0.39598                -0.36770                -0.33941                -0.31113                -0.28284                -0.25456                -0.22627                -0.19799                -0.16971                -0.14142                -0.11314                -0.84853E-01            -0.56569E-01            -0.28284E-01              0.0000                 0.28284E-01             0.56569E-01             0.84853E-01             0.11314                 0.14142                 0.16971                 0.19799                 0.22627                 0.25456                 0.28284                 0.31113                 0.33941                 0.36770                 0.39598                 0.42426                 0.45255                 0.48083                 0.50912                 0.53740                 0.56569                 0.59397                 0.62225                 0.65054                 0.67882                 0.70711                 0.73539                 0.76368                 0.79196                 0.82024                 0.84853                 0.87681                 0.90510                 0.93338                 0.96167                 0.98995                  1.0182                  1.0465                  1.0748                  1.1031                  1.1314                  1.1597                  1.1879                  1.2162                  1.2445                  1.2728                  1.3011                  1.3294                  1.3576                  1.3859                  1.4142
 ------------------------------
Transdef: Tab for variable   6             0.13104E-09             0.35819E-03             0.18608E-02             0.42071E-02             0.79117E-02             0.12973E-01             0.19360E-01             0.24692E-01             0.33228E-01             0.39480E-01             0.47971E-01             0.54168E-01             0.61729E-01             0.72243E-01             0.81778E-01             0.89768E-01             0.99011E-01             0.11015                 0.11842                 0.12884                 0.14315                 0.15706                 0.17313                 0.18050                 0.18913                 0.20270                 0.21710                 0.22909                 0.24475                 0.25836                 0.26757                 0.28255                 0.29794                 0.31446                 0.33175                 0.34802                 0.36262                 0.37434                 0.39160                 0.40644                 0.42811                 0.44468                 0.46036                 0.47477                 0.48642                 0.50194                 0.52114                 0.53444                 0.54768                 0.56082                 0.57664                 0.59322                 0.60965                 0.62692                 0.64177                 0.65335                 0.66469                 0.67663                 0.68822                 0.70225                 0.71535                 0.72591                 0.73773                 0.75096                 0.76337                 0.77379                 0.78625                 0.79575                 0.80672                 0.81489                 0.82734                 0.83803                 0.85021                 0.85880                 0.86838                 0.87886                 0.88621                 0.89592                 0.90392                 0.91063                 0.92144                 0.92725                 0.93447                 0.94356                 0.94916                 0.95485                 0.96126                 0.96609                 0.97148                 0.97517                 0.97831                 0.98289                 0.98632                 0.98939                 0.99229                 0.99460                 0.99623                 0.99793                 0.99899                 0.99979                  1.0000
 ------------------------------
Transdef: Tab for variable   7              127.70                  141.05                  154.39                  167.73                  181.08                  194.42                  207.76                  221.10                  234.45                  247.79                  261.13                  274.48                  287.82                  301.16                  314.50                  327.85                  341.19                  354.53                  367.87                  381.22                  394.56                  407.90                  421.25                  434.59                  447.93                  461.27                  474.62                  487.96                  501.30                  514.64                  527.99                  541.33                  554.67                  568.02                  581.36                  594.70                  608.04                  621.39                  634.73                  648.07                  661.41                  674.76                  688.10                  701.44                  714.79                  728.13                  741.47                  754.81                  768.16                  781.50                  794.84                  808.18                  821.53                  834.87                  848.21                  861.56                  874.90                  888.24                  901.58                  914.93                  928.27                  941.61                  954.96                  968.30                  981.64                  994.98                  1008.3                  1021.7                  1035.0                  1048.4                  1061.7                  1075.0                  1088.4                  1101.7                  1115.1                  1128.4                  1141.8                  1155.1                  1168.4                  1181.8                  1195.1                  1208.5                  1221.8                  1235.2                  1248.5                  1261.8                  1275.2                  1288.5                  1301.9                  1315.2                  1328.6                  1341.9                  1355.2                  1368.6                  1381.9                  1395.3                  1408.6                  1422.0                  1435.3                  1448.6                  1462.0
 ------------------------------
Transdef: Tab for variable   8              30.019                  32.100                  33.762                  35.124                  36.508                  37.546                  38.471                  39.192                  39.980                  40.792                  41.454                  42.026                  42.746                  43.310                  43.932                  44.370                  44.938                  45.607                  46.098                  46.625                  46.941                  47.408                  47.871                  48.248                  48.619                  48.987                  49.353                  49.781                  50.212                  50.628                  50.959                  51.310                  51.607                  51.938                  52.267                  52.635                  52.970                  53.265                  53.535                  53.812                  54.159                  54.515                  54.769                  55.103                  55.367                  55.709                  56.067                  56.364                  56.716                  57.022                  57.331                  57.737                  58.010                  58.315                  58.600                  59.052                  59.552                  59.931                  60.269                  60.498                  60.895                  61.344                  61.736                  61.986                  62.429                  62.908                  63.265                  63.619                  64.000                  64.362                  64.791                  65.236                  65.629                  66.177                  66.655                  67.075                  67.617                  68.099                  68.640                  69.338                  69.992                  70.534                  71.031                  71.647                  72.293                  73.096                  73.913                  74.614                  75.353                  76.281                  77.341                  78.087                  79.382                  80.479                  82.975                  84.853                  88.586                  94.452                  109.80                  136.39                  334.45
 do regularised spline fit for input variable #           8
 TOTAL CORRELATION OF ALL VARIABLES    20.702178804604131
 ROUND           1 : MAX CORR (   20.638245152253251      )  AFTER KILLING INPUT VARIABLE           5  CONTR   1.6257442275141876
 ROUND           2 : MAX CORR (   20.548040279483082      )  AFTER KILLING INPUT VARIABLE           2  CONTR   1.9274863520257730
 ROUND           3 : MAX CORR (   19.533329669609547      )  AFTER KILLING INPUT VARIABLE           7  CONTR   6.3773812294397576
 ROUND           4 : MAX CORR (   18.934060991083911      )  AFTER KILLING INPUT VARIABLE           4  CONTR   4.8012813256008222
 ROUND           5 : MAX CORR (   17.583522471038496      )  AFTER KILLING INPUT VARIABLE           6  CONTR   7.0227062536154623
 ROUND           6 : MAX CORR (   14.153815805822912      )  AFTER KILLING INPUT VARIABLE           8  CONTR   10.433108866697079
 LAST REMAINING VARIABLE:            3
 total correlation to target:   20.702178804604131       %
 total significance:   13.412760775601377       sigma
 correlations of single variables to target:
 variable           2 :   9.0860760893799757       %  ,  in sigma:   5.8867893145943526
 variable           3 :   14.153815805822862       %  ,  in sigma:   9.1701336007786374
 variable           4 :   3.8476523126227922       %  ,  in sigma:   2.4928603169740500
 variable           5 :  0.94761448155363126       %  ,  in sigma:  0.61395114342977608
 variable           6 :   9.1338226252066423       %  ,  in sigma:   5.9177238780019650
 variable           7 :   3.7146231933591278       %  ,  in sigma:   2.4066719128590370
 variable           8 :   10.877648087111227       %  ,  in sigma:   7.0475331592224997
 variables sorted by significance:
           1  most relevant variable           3  corr   14.153815805822912       , in sigma:   9.1701336007786711
           2  most relevant variable           8  corr   10.433108866697079       , in sigma:   6.7595200821901802
           3  most relevant variable           6  corr   7.0227062536154623       , in sigma:   4.5499500253623255
           4  most relevant variable           4  corr   4.8012813256008222       , in sigma:   3.1107082227656147
           5  most relevant variable           7  corr   6.3773812294397576       , in sigma:   4.1318495803090300
           6  most relevant variable           2  corr   1.9274863520257730       , in sigma:   1.2488015673117763
           7  most relevant variable           5  corr   1.6257442275141876       , in sigma:   1.0533054811174321
 global correlations between input variables:
 variable           2 :   63.777014220959686       %
 variable           3 :   19.550695924189050       %
 variable           4 :   32.816860946298782       %
 variable           5 :   27.978107985871461       %
 variable           6 :   16.143985965358564       %
 variable           7 :   36.633427585305910       %
 variable           8 :   64.039298589613196       %
 significance loss when removing single variables:
 variable           2 : corr =   1.6281774333953603       %  ,  sigma =   1.0548819339492808
 variable           3 : corr =   13.237779377566373       %  ,  sigma =   8.5766416021872569
 variable           4 : corr =   6.5099298621047925       %  ,  sigma =   4.2177266813547316
 variable           5 : corr =   1.6257442275142138       %  ,  sigma =   1.0533054811174489
 variable           6 : corr =   6.8446369683253820       %  ,  sigma =   4.4345804911881270
 variable           7 : corr =   5.7962257344423049       %  ,  sigma =   3.7553240125705525
 variable           8 : corr =   7.3228893688864680       %  ,  sigma =   4.7444360430905341
 Keep only           5  most significant input variables
 NVar:    6.0000000             874
 -------------------------------------
 Teacher: actual network topology:
 Nodes(1)     =            6
 Nodes(2)     =            9
 Nodes(3)     =            1
 -------------------------------------

 ---------------------------------------------------

 Iteration :            1
           1 XLAMBDA   1.0000000000000000       5.62199374930577893E-004   1.9669715585306928       2.27831250288584367E-005   3.8689771120686625
         201 XLAMBDA  1.00000000000000002E-002  0.53121978418969840        1.7639352588651946       0.53121978418969829        3.1114675974678212
         401 XLAMBDA  1.00000000000000002E-002   1.9520746894428067        1.0052223887348035        1.9520746894428067        1.0104720508137044
         601 XLAMBDA  1.00000000000000002E-002   3.0705681819363693        1.0007057631853320        3.0705681819363684        1.0014120244723377
         801 XLAMBDA  1.00000000000000002E-002   4.2115823832992190        1.0007357222584536        4.2115823832992190        1.0014719858041490
        1001 XLAMBDA  1.00000000000000002E-002   4.9908550022786358        1.0001267227352033        4.9908550022786367        1.0002534615290584
        1201 XLAMBDA  1.00000000000000002E-002   6.0367710865854853        1.0000503718810339        6.0367710865854853        1.0001007462993943
        1401 XLAMBDA  1.00000000000000002E-002   7.0684303687545000        1.0000685023666762        7.0684303687544983        1.0001370094259265
        1601 XLAMBDA  1.00000000000000002E-002   8.0542260954565421        1.0000237704399151        8.0542260954565403        1.0000475414448642
        1801 XLAMBDA  1.00000000000000002E-002   9.1014300022993311        1.0000381263115081        9.1014300022993311        1.0000762540766319
        2001 XLAMBDA  1.00000000000000002E-002   10.266292012287485        1.0000353649998632        10.266292012287487        1.0000707312504098
        2201 XLAMBDA  1.00000000000000002E-002   11.485173189690784        1.0000409924878859        11.485173189690785        1.0000819866561561
        2401 XLAMBDA  1.00000000000000002E-002   12.772450106980848        1.0000310210819690        12.772450106980852        1.0000620431262455
        2601 XLAMBDA  1.00000000000000002E-002   13.749129744723048        1.0000111330130113        13.749129744723051        1.0000222661499665
        2801 XLAMBDA  1.00000000000000002E-002   14.763837078651678        1.0000158310777545        14.763837078651676        1.0000316624061321
        3001 XLAMBDA  1.00000000000000002E-002   15.552020076739417        1.0000168759039132        15.552020076739421        1.0000337520926224
        3201 XLAMBDA  1.00000000000000002E-002   16.657612445284052        1.0000127814399509        16.657612445284052        1.0000255630432671
        3401 XLAMBDA  1.00000000000000002E-002   17.645603768957230        1.0000083631566310        17.645603768957226        1.0000167263832045
        3601 XLAMBDA  1.00000000000000002E-002   18.642102289223786        1.0000167197718666        18.642102289223786        1.0000334398232840
        3801 XLAMBDA  1.00000000000000002E-002   19.547278136871494        1.0000070549202116        19.547278136871498        1.0000141098901949
        4001 XLAMBDA  1.00000000000000002E-002   20.399360637731942        1.0000122692608606        20.399360637731938        1.0000245386722562
        4201 XLAMBDA  1.00000000000000002E-002   21.404294679529755        1.0000092640202423        21.404294679529759        1.0000185281263065
        4401 XLAMBDA  1.00000000000000002E-002   22.486985093748896        1.0000103245849836        22.486985093748892        1.0000206492765644
        4601 XLAMBDA  1.00000000000000002E-002   23.513861395442699        1.0000121342655017        23.513861395442699        1.0000242686782437
        4801 XLAMBDA  1.00000000000000002E-002   24.415027547765007        1.0000066536788008        24.415027547765014        1.0000133074018731
        5001 XLAMBDA  1.00000000000000002E-002   25.297860605920082        1.0000091014561450        25.297860605920089        1.0000182029951266
        5201 XLAMBDA  1.00000000000000002E-002   26.320421010274075        1.0000088104297218        26.320421010274082        1.0000176209370670
        5401 XLAMBDA  1.00000000000000002E-002   27.215842734189859        1.0000089911226366        27.215842734189856        1.0000179823261137
        5601 XLAMBDA  1.00000000000000002E-002   28.052774663330752        1.0000079776433681        28.052774663330737        1.0000159553503791
 2 xlambda   28.052774663330752       0.99955927721463200
 SIGNIFICANCE OF OUTPUTS IN LAYER 1
 RANK           1  NODE           6  -->   13.246241359459200       sigma out           9  active outputs
 RANK           2  NODE           1  -->   8.6021905252957325       sigma out           9  active outputs
 RANK           3  NODE           5  -->   6.3756564325868554       sigma out           9  active outputs
 RANK           4  NODE           3  -->   3.4366133674126274       sigma out           9  active outputs
 RANK           5  NODE           4  -->   2.7325948944045706       sigma out           9  active outputs
 RANK           6  NODE           2  -->   2.1360570857613070       sigma out           9  active outputs
 SIGNIFICANCE OF INPUTS TO LAYER 2
     sorted by input significance
 RANK           1  NODE           6  -->   10.084584023656936       sigma in           6 act. (   5.6425301567813930       sig out           1 act.)
 RANK           2  NODE           1  -->   8.4810219088532346       sigma in           6 act. (   11.624170149546501       sig out           1 act.)
 RANK           3  NODE           7  -->   6.8221608022657438       sigma in           6 act. (   7.9647508484041225       sig out           1 act.)
 RANK           4  NODE           3  -->   5.3067762308385165       sigma in           6 act. (   6.1559218996641061       sig out           1 act.)
 RANK           5  NODE           5  -->   5.1952179683817894       sigma in           6 act. (   4.8979392023253139       sig out           1 act.)
 RANK           6  NODE           4  -->   4.8271647685499630       sigma in           6 act. (   7.8334721175457380       sig out           1 act.)
 RANK           7  NODE           8  -->   2.7023577540539065       sigma in           6 act. (   1.8741701813008522       sig out           1 act.)
 RANK           8  NODE           2  -->   2.5443033436631937       sigma in           6 act. (   5.9259274332496190       sig out           1 act.)
 RANK           9  NODE           9  -->   1.2455389189223871       sigma in           6 act. (   2.0374478768589332       sig out           1 act.)
     sorted by output significance
 RANK           1  NODE           1  -->   11.624170149546501       sigma out           1 act.(   8.4810219088532346       sig in           6 act.)
 RANK           2  NODE           7  -->   7.9647508484041225       sigma out           1 act.(   6.8221608022657438       sig in           6 act.)
 RANK           3  NODE           4  -->   7.8334721175457380       sigma out           1 act.(   4.8271647685499630       sig in           6 act.)
 RANK           4  NODE           3  -->   6.1559218996641061       sigma out           1 act.(   5.3067762308385165       sig in           6 act.)
 RANK           5  NODE           2  -->   5.9259274332496190       sigma out           1 act.(   2.5443033436631937       sig in           6 act.)
 RANK           6  NODE           6  -->   5.6425301567813930       sigma out           1 act.(   10.084584023656936       sig in           6 act.)
 RANK           7  NODE           5  -->   4.8979392023253139       sigma out           1 act.(   5.1952179683817894       sig in           6 act.)
 RANK           8  NODE           9  -->   2.0374478768589332       sigma out           1 act.(   1.2455389189223871       sig in           6 act.)
 RANK           9  NODE           8  -->   1.8741701813008522       sigma out           1 act.(   2.7023577540539065       sig in           6 act.)
 RANK            1  NODE           1  -->   19.910437620938669       sigma in           9  active inputs
 SIGNIFICANCE OF OUTPUTS IN LAYER 1
 RANK           1  NODE           6  -->   12.855576493518283       sigma out           9  active outputs
 RANK           2  NODE           1  -->   7.6527722332565293       sigma out           9  active outputs
 RANK           3  NODE           5  -->   7.3134084848807603       sigma out           9  active outputs
 RANK           4  NODE           3  -->   4.7633226567345410       sigma out           9  active outputs
 RANK           5  NODE           2  -->   4.0968104135381198       sigma out           9  active outputs
 RANK           6  NODE           4  -->   3.9121364390367925       sigma out           9  active outputs
 SIGNIFICANCE OF INPUTS TO LAYER 2
     sorted by input significance
 RANK           1  NODE           6  -->   9.4720104777287926       sigma in           6 act. (   7.5428494149407275       sig out           1 act.)
 RANK           2  NODE           7  -->   7.3591299563703458       sigma in           6 act. (   10.167669827047762       sig out           1 act.)
 RANK           3  NODE           1  -->   6.8104398428371766       sigma in           6 act. (   7.7465495938880347       sig out           1 act.)
 RANK           4  NODE           4  -->   5.4058204507986689       sigma in           6 act. (   8.9559549691671876       sig out           1 act.)
 RANK           5  NODE           9  -->   5.3266571552481627       sigma in           6 act. (   2.7072486240816875       sig out           1 act.)
 RANK           6  NODE           3  -->   5.1519872395254529       sigma in           6 act. (   3.9262563979215392       sig out           1 act.)
 RANK           7  NODE           5  -->   4.9554910834524835       sigma in           6 act. (   2.8291580792155373       sig out           1 act.)
 RANK           8  NODE           2  -->   4.8982106656033837       sigma in           6 act. (   3.7038593163171583       sig out           1 act.)
 RANK           9  NODE           8  -->   3.0246078990633389       sigma in           6 act. (  0.87389751459892495       sig out           1 act.)
     sorted by output significance
 RANK           1  NODE           7  -->   10.167669827047762       sigma out           1 act.(   7.3591299563703458       sig in           6 act.)
 RANK           2  NODE           4  -->   8.9559549691671876       sigma out           1 act.(   5.4058204507986689       sig in           6 act.)
 RANK           3  NODE           1  -->   7.7465495938880347       sigma out           1 act.(   6.8104398428371766       sig in           6 act.)
 RANK           4  NODE           6  -->   7.5428494149407275       sigma out           1 act.(   9.4720104777287926       sig in           6 act.)
 RANK           5  NODE           3  -->   3.9262563979215392       sigma out           1 act.(   5.1519872395254529       sig in           6 act.)
 RANK           6  NODE           2  -->   3.7038593163171583       sigma out           1 act.(   4.8982106656033837       sig in           6 act.)
 RANK           7  NODE           5  -->   2.8291580792155373       sigma out           1 act.(   4.9554910834524835       sig in           6 act.)
 RANK           8  NODE           9  -->   2.7072486240816875       sigma out           1 act.(   5.3266571552481627       sig in           6 act.)
 RANK           9  NODE           8  -->  0.87389751459892495       sigma out           1 act.(   3.0246078990633389       sig in           6 act.)
 RANK            1  NODE           1  -->   18.593690800423154       sigma in           9  active inputs
  ***********************************************
  *** Learn Path            1
  *** loss function: -0.40593198245489959
  *** contribution from regularisation:  7.64026583970371133E-003
  *** contribution from error: -0.41357224829460332
  *** contribution from DIAG:  1.82665326E-03
  ***********************************************

 ---------------------------------------------------

 Iteration :            2
        5801 XLAMBDA  1.00000000000000002E-002   28.353963353104927        1.0000057160869951        28.353963353104913        1.0000114322066640
        6001 XLAMBDA  1.00000000000000002E-002   28.319886783659992        1.0000042792394530        28.319886783659999        1.0000085584972180
        6201 XLAMBDA  1.00000000000000002E-002   28.282700986421208        1.0000042466934953        28.282700986421215        1.0000084934050248
        6401 XLAMBDA  1.00000000000000002E-002   28.222352114036067        1.0000031387453492        28.222352114036067        1.0000062775005503
        6601 XLAMBDA  1.00000000000000002E-002   28.195760171965535        1.0000042401536089        28.195760171965535        1.0000084803251967
        6801 XLAMBDA  1.00000000000000002E-002   28.137418282725008        1.0000033697339603        28.137418282725015        1.0000067394792755
        7001 XLAMBDA  1.00000000000000002E-002   28.103160937431973        1.0000043099507181        28.103160937431966        1.0000086199200118
        7201 XLAMBDA  1.00000000000000002E-002   28.035300170234574        1.0000028274914323        28.035300170234567        1.0000056549908591
        7401 XLAMBDA  1.00000000000000002E-002   27.994828447033555        1.0000037907911605        27.994828447033555        1.0000075815966913
        7601 XLAMBDA  1.00000000000000002E-002   27.927747143978358        1.0000030143095875        27.927747143978358        1.0000060286282610
        7801 XLAMBDA  1.00000000000000002E-002   27.910236829641850        1.0000042884912410        27.910236829641857        1.0000085770008733
        8001 XLAMBDA  1.00000000000000002E-002   27.840401360668825        1.0000029001926980        27.840401360668835        1.0000058003938070
        8201 XLAMBDA  1.00000000000000002E-002   27.801282881018711        1.0000035913458616        27.801282881018700        1.0000071827046211
        8401 XLAMBDA  1.00000000000000002E-002   27.738586607800030        1.0000029588141004        27.738586607800038        1.0000059176369553
        8601 XLAMBDA  1.00000000000000002E-002   27.713628313665538        1.0000044642802544        27.713628313665531        1.0000089285804385
        8801 XLAMBDA  1.00000000000000002E-002   27.674042754814106        1.0000038756725815        27.674042754814099        1.0000077513601839
        9001 XLAMBDA  1.00000000000000002E-002   27.646668383955980        1.0000039097381979        27.646668383955976        1.0000078194916817
        9201 XLAMBDA  1.00000000000000002E-002   27.615621938205312        1.0000038224994223        27.615621938205305        1.0000076450134561
        9401 XLAMBDA  1.00000000000000002E-002   27.573528134047166        1.0000035441595516        27.573528134047173        1.0000070883316643
        9601 XLAMBDA  1.00000000000000002E-002   27.556037358672612        1.0000042666146720        27.556037358672619        1.0000085332475481
        9801 XLAMBDA  1.00000000000000002E-002   27.515914823266886        1.0000035928437763        27.515914823266893        1.0000071857004609
       10001 XLAMBDA  1.00000000000000002E-002   27.518702065387053        1.0000049686846775        27.518702065387053        1.0000099373940430
       10201 XLAMBDA  1.00000000000000002E-002   27.463571639622785        1.0000030586545221        27.463571639622785        1.0000061173183994
       10401 XLAMBDA  1.00000000000000002E-002   27.423237310555351        1.0000036284815310        27.423237310555344        1.0000072569762277
       10601 XLAMBDA  1.00000000000000002E-002   27.370985264384593        1.0000033693001436        27.370985264384583        1.0000067386116391
       10801 XLAMBDA  1.00000000000000002E-002   27.347466812591101        1.0000040519461757        27.347466812591090        1.0000081039087698
       11001 XLAMBDA  1.00000000000000002E-002   27.340709131188337        1.0000049606596741        27.340709131188333        1.0000099213439566
       11201 XLAMBDA  1.00000000000000002E-002   27.278079452486505        1.0000030906474069        27.278079452486516        1.0000061813043657
 2 xlambda   27.278079452486505       0.99955927721463200
  ***********************************************
  *** Learn Path            2
  *** loss function: -0.51929153584614562
  *** contribution from regularisation:  4.82283677454689065E-003
  *** contribution from error: -0.52411437262069249
  *** contribution from DIAG:  4.97075496E-04
  ***********************************************

 ---------------------------------------------------

 Iteration :            3
       11401 XLAMBDA  1.00000000000000002E-002   27.234744767196052        1.0000054602148076        27.234744767196041        1.0000109204594294
       11601 XLAMBDA  1.00000000000000002E-002   27.202345469677780        1.0000096033569670        27.202345469677791        1.0000192068061584
       11801 XLAMBDA  1.00000000000000002E-002   27.131214859389690        1.0000068818606636        27.131214859389690        1.0000137637686870
       12001 XLAMBDA  1.00000000000000002E-002   27.079607437980663        1.0000081450781952        27.079607437980663        1.0000162902227330
       12201 XLAMBDA  1.00000000000000002E-002   27.053694632441918        1.0000097240127079        27.053694632441928        1.0000194481199722
       12401 XLAMBDA  1.00000000000000002E-002   27.004570795112464        1.0000080655010317        27.004570795112464        1.0000161310671158
       12601 XLAMBDA  1.00000000000000002E-002   26.972490753809044        1.0000097446606562        26.972490753809044        1.0000194894162706
       12801 XLAMBDA  1.00000000000000002E-002   26.926197794980986        1.0000078364539993        26.926197794980986        1.0000156729694085
       13001 XLAMBDA  1.00000000000000002E-002   26.915686683434114        1.0000102953096972        26.915686683434124        1.0000205907253876
       13201 XLAMBDA  1.00000000000000002E-002   26.892005527447083        1.0000091193065224        26.892005527447068        1.0000182386962067
       13401 XLAMBDA  1.00000000000000002E-002   26.848739104319073        1.0000083416847287        26.848739104319080        1.0000166834390412
       13601 XLAMBDA  1.00000000000000002E-002   26.803594237020455        1.0000074899325107        26.803594237020445        1.0000149799211204
       13801 XLAMBDA  1.00000000000000002E-002   26.734481507640531        1.0000062120424462        26.734481507640531        1.0000124241234820
       14001 XLAMBDA  1.00000000000000002E-002   26.687864255815537        1.0000072786191856        26.687864255815537        1.0000145572913497
       14201 XLAMBDA  1.00000000000000002E-002   26.652101777864551        1.0000079828369643        26.652101777864551        1.0000159657376542
       14401 XLAMBDA  1.00000000000000002E-002   26.617765719014052        1.0000076854293936        26.617765719014052        1.0000153709178528
       14601 XLAMBDA  1.00000000000000002E-002   26.574871227094434        1.0000072347354176        26.574871227094427        1.0000144695231765
       14801 XLAMBDA  1.00000000000000002E-002   26.540143786476630        1.0000070449886180        26.540143786476630        1.0000140900268679
       15001 XLAMBDA  1.00000000000000002E-002   26.510420860358927        1.0000071335173599        26.510420860358927        1.0000142670856069
       15201 XLAMBDA  1.00000000000000002E-002   26.457147197501001        1.0000062468995456        26.457147197501008        1.0000124938381152
       15401 XLAMBDA  1.00000000000000002E-002   26.447828151592919        1.0000087633809669        26.447828151592930        1.0000175268387308
       15601 XLAMBDA  1.00000000000000002E-002   26.384973512233451        1.0000052433595172        26.384973512233458        1.0000104867465274
       15801 XLAMBDA  1.00000000000000002E-002   26.319616625101133        1.0000051337113920        26.319616625101130        1.0000102674491389
       16001 XLAMBDA  1.00000000000000002E-002   26.266628181013861        1.0000057730187435        26.266628181013850        1.0000115460708145
       16201 XLAMBDA  1.00000000000000002E-002   26.233106321233322        1.0000064180335542        26.233106321233308        1.0000128361082994
       16401 XLAMBDA  1.00000000000000002E-002   26.207917389314240        1.0000073227920798        26.207917389314240        1.0000146456377830
       16601 XLAMBDA  1.00000000000000002E-002   26.193771649270026        1.0000078075712053        26.193771649270026        1.0000156152033690
       16801 XLAMBDA  1.00000000000000002E-002   26.128251140266272        1.0000050167705645        26.128251140266279        1.0000100335662971
       17001 XLAMBDA  1.00000000000000002E-002   26.072924006051856        1.0000051843925726        26.072924006051863        1.0000103688120230
 2 xlambda   26.072924006051856       0.99955927721463200
  ***********************************************
  *** Learn Path            3
  *** loss function: -0.55999830825341812
  *** contribution from regularisation:  3.15644873971653939E-003
  *** contribution from error: -0.56315475699313466
  *** contribution from DIAG:  7.22576224E-04
  ***********************************************

 ---------------------------------------------------

 Iteration :            4
  ***********************************************
  *** Learn Path            4
  *** loss function: -0.65059185534117825
  *** contribution from regularisation:  5.79410151630881196E-003
  *** contribution from error: -0.65638595685748702
  *** contribution from DIAG:  2.76076444E-03
  ***********************************************

 ---------------------------------------------------

 Iteration :            5
  ***********************************************
  *** Learn Path            5
  *** loss function: -0.65567386513807246
  *** contribution from regularisation:  5.40238820982574374E-003
  *** contribution from error: -0.66107625334789821
  *** contribution from DIAG:  7.12744892E-03
  ***********************************************

 ---------------------------------------------------

 Iteration :            6
       17201 XLAMBDA  1.00000000000000002E-002   25.839949719314703        1.0000002911944850        25.839949719314696        1.0000005823890545
       17401 XLAMBDA  1.00000000000000002E-002   25.594772678484929        1.0000002448858807        25.594772678484922        1.0000004897718213
       17601 XLAMBDA  1.00000000000000002E-002   25.350717049244146        1.0000001794983506        25.350717049244146        1.0000003589967337
       17801 XLAMBDA  1.00000000000000002E-002   25.107085716257533        1.0000001574881741        25.107085716257544        1.0000003149763730
       18001 XLAMBDA  1.00000000000000002E-002   24.868797393514441        1.0000001985259548        24.868797393514448        1.0000003970519489
       18201 XLAMBDA  1.00000000000000002E-002   24.631282694352574        1.0000001799357447        24.631282694352585        1.0000003598715219
       18401 XLAMBDA  1.00000000000000002E-002   24.396564933830142        1.0000003182536150        24.396564933830142        1.0000006365073313
       18601 XLAMBDA  1.00000000000000002E-002   24.164331265000758        1.0000001914194729        24.164331265000751        1.0000003828389827
       18801 XLAMBDA  1.00000000000000002E-002   23.934658774815254        1.0000001951102639        23.934658774815258        1.0000003902205659
       19001 XLAMBDA  1.00000000000000002E-002   23.706722356935256        1.0000001999207506        23.706722356935252        1.0000003998415414
       19201 XLAMBDA  1.00000000000000002E-002   23.481873336289855        1.0000002025699057        23.481873336289866        1.0000004051398523
       19401 XLAMBDA  1.00000000000000002E-002   23.261152550979300        1.0000002430810255        23.261152550979286        1.0000004861621103
       19601 XLAMBDA  1.00000000000000002E-002   23.038845603788662        1.0000001853826443        23.038845603788666        1.0000003707653229
       19801 XLAMBDA  1.00000000000000002E-002   22.818655805510531        1.0000003062217857        22.818655805510517        1.0000006124436651
       20001 XLAMBDA  1.00000000000000002E-002   22.599374492660822        1.0000001613046512        22.599374492660832        1.0000003226093286
       20201 XLAMBDA  1.00000000000000002E-002   22.388092645488836        1.0000003199618990        22.388092645488840        1.0000006399239003
       20401 XLAMBDA  1.00000000000000002E-002   22.177528024125827        1.0000002707319977        22.177528024125831        1.0000005414640687
       20601 XLAMBDA  1.00000000000000002E-002   21.971600006879530        1.0000003630999370        21.971600006879530        1.0000007262000057
       20801 XLAMBDA  1.00000000000000002E-002   21.763594693646994        1.0000002309145875        21.763594693646990        1.0000004618292284
       21001 XLAMBDA  1.00000000000000002E-002   21.555570572429890        1.0000001883367775        21.555570572429893        1.0000003766735903
       21201 XLAMBDA  1.00000000000000002E-002   21.353036365390224        1.0000002699221651        21.353036365390214        1.0000005398444032
       21401 XLAMBDA  1.00000000000000002E-002   21.149328451557341        1.0000002019063652        21.149328451557345        1.0000004038127712
       21601 XLAMBDA  1.00000000000000002E-002   20.952935587294011        1.0000004504988749        20.952935587294011        1.0000009009979527
       21801 XLAMBDA  1.00000000000000002E-002   20.754833121270149        1.0000002499026002        20.754833121270153        1.0000004998052627
       22001 XLAMBDA  1.00000000000000002E-002   20.558343139557298        1.0000003794240904        20.558343139557298        1.0000007588483248
       22201 XLAMBDA  1.00000000000000002E-002   20.365259284888491        1.0000003090444600        20.365259284888502        1.0000006180890155
       22401 XLAMBDA  1.00000000000000002E-002   20.173518541993616        1.0000004575254351        20.173518541993612        1.0000009150510794
       22601 XLAMBDA  1.00000000000000002E-002   19.983367340009632        1.0000002606135401        19.983367340009629        1.0000005212271479
 2 xlambda   19.983367340009632       0.99955927721463200
  ***********************************************
  *** Learn Path            6
  *** loss function: -0.66069612421470092
  *** contribution from regularisation:  4.46751046085850853E-003
  *** contribution from error: -0.66516363467555939
  *** contribution from DIAG:  1.35872541E-02
  ***********************************************

 ---------------------------------------------------

 Iteration :            7
  ***********************************************
  *** Learn Path            7
  *** loss function: -0.65913117791379083
  *** contribution from regularisation:  3.15059128125800463E-003
  *** contribution from error: -0.66228176919504889
  *** contribution from DIAG:  1.50180040E-02
  ***********************************************

 ---------------------------------------------------

 Iteration :            8
  ***********************************************
  *** Learn Path            8
  *** loss function: -0.65826048565248274
  *** contribution from regularisation:  2.86600547526243317E-003
  *** contribution from error: -0.66112649112774513
  *** contribution from DIAG:  1.21092740E-02
  ***********************************************

 ---------------------------------------------------

 Iteration :            9
       22801 XLAMBDA  1.00000000000000002E-002   19.806512906451527        1.0000006897099931        19.806512906451523        1.0000013794204619
       23001 XLAMBDA  1.00000000000000002E-002   19.636974023517091        1.0000010711603440        19.636974023517091        1.0000021423218353
       23201 XLAMBDA  1.00000000000000002E-002   19.465720044509606        1.0000008439384889        19.465720044509606        1.0000016878776901
       23401 XLAMBDA  1.00000000000000002E-002   19.292126799597604        1.0000006285669463        19.292126799597600        1.0000012571342878
       23601 XLAMBDA  1.00000000000000002E-002   19.124714108670894        1.0000008731185330        19.124714108670894        1.0000017462378283
       23801 XLAMBDA  1.00000000000000002E-002   18.961582005080960        1.0000009940268226        18.961582005080956        1.0000019880546334
       24001 XLAMBDA  1.00000000000000002E-002   18.802646003038284        1.0000013044578158        18.802646003038287        1.0000026089173331
       24201 XLAMBDA  1.00000000000000002E-002   18.643571836050956        1.0000011342233506        18.643571836050960        1.0000022684479875
       24401 XLAMBDA  1.00000000000000002E-002   18.486330901761526        1.0000011273030156        18.486330901761523        1.0000022546073020
       24601 XLAMBDA  1.00000000000000002E-002   18.327761399603407        1.0000009693837066        18.327761399603403        1.0000019387683530
       24801 XLAMBDA  1.00000000000000002E-002   18.170116424097156        1.0000010754931485        18.170116424097156        1.0000021509874537
       25001 XLAMBDA  1.00000000000000002E-002   18.018450305523469        1.0000012697060920        18.018450305523466        1.0000025394137961
       25201 XLAMBDA  1.00000000000000002E-002   17.861181359060936        1.0000008565899057        17.861181359060929        1.0000017131805450
       25401 XLAMBDA  1.00000000000000002E-002   17.712972357523110        1.0000015459380718        17.712972357523110        1.0000030918785334
       25601 XLAMBDA  1.00000000000000002E-002   17.562807749750370        1.0000013438302782        17.562807749750370        1.0000026876623620
       25801 XLAMBDA  1.00000000000000002E-002   17.415060723381593        1.0000011578963883        17.415060723381590        1.0000023157941176
       26001 XLAMBDA  1.00000000000000002E-002   17.274666588845719        1.0000016772151532        17.274666588845722        1.0000033544331193
       26201 XLAMBDA  1.00000000000000002E-002   17.131171409181690        1.0000013101807459        17.131171409181686        1.0000026203632084
       26401 XLAMBDA  1.00000000000000002E-002   16.993645760042373        1.0000016536238070        16.993645760042376        1.0000033072503485
       26601 XLAMBDA  1.00000000000000002E-002   16.849843229514534        1.0000011427987745        16.849843229514530        1.0000022855988551
       26801 XLAMBDA  1.00000000000000002E-002   16.708510467044800        1.0000011921605916        16.708510467044803        1.0000023843226045
       27001 XLAMBDA  1.00000000000000002E-002   16.568314773013309        1.0000014629037604        16.568314773013313        1.0000029258096608
       27201 XLAMBDA  1.00000000000000002E-002   16.431866993985142        1.0000014818262801        16.431866993985146        1.0000029636547563
       27401 XLAMBDA  1.00000000000000002E-002   16.298118286623037        1.0000015822168724        16.298118286623044        1.0000031644362484
       27601 XLAMBDA  1.00000000000000002E-002   16.163779890896787        1.0000013339845164        16.163779890896787        1.0000026679708123
       27801 XLAMBDA  1.00000000000000002E-002   16.030547817868246        1.0000014140735900        16.030547817868243        1.0000028281491797
       28001 XLAMBDA  1.00000000000000002E-002   15.905115951513091        1.0000018161045958        15.905115951513098        1.0000036322124897
       28201 XLAMBDA  1.00000000000000002E-002   15.771883272542238        1.0000012765321453        15.771883272542231        1.0000025530659200
 2 xlambda   15.771883272542238       0.99955927721463200
  ***********************************************
  *** Learn Path            9
  *** loss function: -0.65793684309074341
  *** contribution from regularisation:  3.13957998801294271E-003
  *** contribution from error: -0.66107642307875636
  *** contribution from DIAG:  1.19842840E-02
  ***********************************************

 ---------------------------------------------------

 Iteration :           10
 SIGNIFICANCE OF OUTPUTS IN LAYER 1
 RANK           1  NODE           6  -->   5.6132848107425088       sigma out           9  active outputs
 RANK           2  NODE           1  -->   3.3778021032520358       sigma out           9  active outputs
 RANK           3  NODE           5  -->   3.1060174857765510       sigma out           9  active outputs
 RANK           4  NODE           3  -->   2.3293271808806257       sigma out           9  active outputs
 RANK           5  NODE           2  -->   2.0871898765438082       sigma out           9  active outputs
 RANK           6  NODE           4  -->   1.9546479795128331       sigma out           9  active outputs
 SIGNIFICANCE OF INPUTS TO LAYER 2
     sorted by input significance
 RANK           1  NODE           7  -->   3.8891322075806873       sigma in           6 act. (   5.7941561889363644       sig out           1 act.)
 RANK           2  NODE           9  -->   3.1094294821183337       sigma in           6 act. (   4.7909271387148635       sig out           1 act.)
 RANK           3  NODE           6  -->   2.9373756271414675       sigma in           6 act. (   5.3806704955368136       sig out           1 act.)
 RANK           4  NODE           4  -->   2.8273190305136242       sigma in           6 act. (   5.5223374479462537       sig out           1 act.)
 RANK           5  NODE           2  -->   2.7037325069607165       sigma in           6 act. (   1.7223417336757094       sig out           1 act.)
 RANK           6  NODE           3  -->   2.2380043387896715       sigma in           6 act. (  0.51844248004609095       sig out           1 act.)
 RANK           7  NODE           5  -->   2.2318273895291889       sigma in           6 act. (  0.59455523046595038       sig out           1 act.)
 RANK           8  NODE           1  -->   1.9711915957918520       sigma in           6 act. (  0.86390538852074705       sig out           1 act.)
 RANK           9  NODE           8  -->   1.8887406535038203       sigma in           6 act. (   1.2748276316281282       sig out           1 act.)
     sorted by output significance
 RANK           1  NODE           7  -->   5.7941561889363644       sigma out           1 act.(   3.8891322075806873       sig in           6 act.)
 RANK           2  NODE           4  -->   5.5223374479462537       sigma out           1 act.(   2.8273190305136242       sig in           6 act.)
 RANK           3  NODE           6  -->   5.3806704955368136       sigma out           1 act.(   2.9373756271414675       sig in           6 act.)
 RANK           4  NODE           9  -->   4.7909271387148635       sigma out           1 act.(   3.1094294821183337       sig in           6 act.)
 RANK           5  NODE           2  -->   1.7223417336757094       sigma out           1 act.(   2.7037325069607165       sig in           6 act.)
 RANK           6  NODE           8  -->   1.2748276316281282       sigma out           1 act.(   1.8887406535038203       sig in           6 act.)
 RANK           7  NODE           1  -->  0.86390538852074705       sigma out           1 act.(   1.9711915957918520       sig in           6 act.)
 RANK           8  NODE           5  -->  0.59455523046595038       sigma out           1 act.(   2.2318273895291889       sig in           6 act.)
 RANK           9  NODE           3  -->  0.51844248004609095       sigma out           1 act.(   2.2380043387896715       sig in           6 act.)
 RANK            1  NODE           1  -->   11.042341791767889       sigma in           9  active inputs
  ***********************************************
  *** Learn Path           10
  *** loss function: -0.65801580152968109
  *** contribution from regularisation:  3.06045181739784478E-003
  *** contribution from error: -0.66107625334707898
  *** contribution from DIAG:  1.18733896E-02
  ***********************************************
 Iteration No:           10
 **********************************************
 *****  write out current network          ****
 *****      to "rescue.nb"                 ****
 **********************************************
 WRITE NETWORK WEIGHTS TO EXPERTISE

 ---------------------------------------------------

 Iteration :           11
  ***********************************************
  *** Learn Path           11
  *** loss function: -0.65782763658963672
  *** contribution from regularisation:  3.24861675826478014E-003
  *** contribution from error: -0.66107625334790154
  *** contribution from DIAG:  1.17942570E-02
  ***********************************************

 ---------------------------------------------------

 Iteration :           12
       28401 XLAMBDA  1.00000000000000002E-002   15.641698205925586        1.0000014069333516        15.641698205925589        1.0000028138686825
       28601 XLAMBDA  1.00000000000000002E-002   15.510895214944172        1.0000011653282861        15.510895214944171        1.0000023306579302
       28801 XLAMBDA  1.00000000000000002E-002   15.382829681406019        1.0000015078082969        15.382829681406017        1.0000030156188671
       29001 XLAMBDA  1.00000000000000002E-002   15.261834886468185        1.0000021655135720        15.261834886468188        1.0000043310318336
       29201 XLAMBDA  1.00000000000000002E-002   15.142965600442029        1.0000019722736704        15.142965600442032        1.0000039445512308
       29401 XLAMBDA  1.00000000000000002E-002   15.027792820956174        1.0000026207715442        15.027792820956178        1.0000052415499567
       29601 XLAMBDA  1.00000000000000002E-002   14.911657284733094        1.0000020952494311        14.911657284733089        1.0000041905032524
       29801 XLAMBDA  1.00000000000000002E-002   14.792222375320863        1.0000016355886423        14.792222375320867        1.0000032711799598
       30001 XLAMBDA  1.00000000000000002E-002   14.676807024511492        1.0000020003967651        14.676807024511488        1.0000040007975317
       30201 XLAMBDA  1.00000000000000002E-002   14.555107406667572        1.0000013223447710        14.555107406667572        1.0000026446912906
       30401 XLAMBDA  1.00000000000000002E-002   14.445331717222951        1.0000023297552074        14.445331717222951        1.0000046595158425
       30601 XLAMBDA  1.00000000000000002E-002   14.336704343672114        1.0000024630939548        14.336704343672109        1.0000049261939763
       30801 XLAMBDA  1.00000000000000002E-002   14.227010750665723        1.0000022189039632        14.227010750665727        1.0000044378128501
       31001 XLAMBDA  1.00000000000000002E-002   14.116214537285412        1.0000020941562993        14.116214537285412        1.0000041883169839
       31201 XLAMBDA  1.00000000000000002E-002   14.005717267342270        1.0000019068022186        14.005717267342270        1.0000038136080731
       31401 XLAMBDA  1.00000000000000002E-002   13.898274291004647        1.0000021499588470        13.898274291004647        1.0000042999223164
       31601 XLAMBDA  1.00000000000000002E-002   13.796359043342962        1.0000028097324720        13.796359043342962        1.0000056194728386
       31801 XLAMBDA  1.00000000000000002E-002   13.691627487617804        1.0000022218292601        13.691627487617801        1.0000044436634568
       32001 XLAMBDA  1.00000000000000002E-002   13.589863387345755        1.0000025636572654        13.589863387345753        1.0000051273211032
       32201 XLAMBDA  1.00000000000000002E-002   13.481165012044068        1.0000017344570520        13.481165012044073        1.0000034689171122
       32401 XLAMBDA  1.00000000000000002E-002   13.378988539370031        1.0000022606731946        13.378988539370035        1.0000045213514999
       32601 XLAMBDA  1.00000000000000002E-002   13.276989945523193        1.0000028279563364        13.276989945523187        1.0000056559206703
       32801 XLAMBDA  1.00000000000000002E-002   13.176868697393715        1.0000023908027464        13.176868697393711        1.0000047816112088
       33001 XLAMBDA  1.00000000000000002E-002   13.074591053229931        1.0000019369988189        13.074591053229929        1.0000038740013899
       33201 XLAMBDA  1.00000000000000002E-002   12.977802069285058        1.0000024784208517        12.977802069285056        1.0000049568478460
       33401 XLAMBDA  1.00000000000000002E-002   12.881844188754275        1.0000026147749426        12.881844188754275        1.0000052295567223
       33601 XLAMBDA  1.00000000000000002E-002   12.786355181356791        1.0000025390865952        12.786355181356791        1.0000050781796375
       33801 XLAMBDA  1.00000000000000002E-002   12.695498813163155        1.0000032334605153        12.695498813163159        1.0000064669314861
       34001 XLAMBDA  1.00000000000000002E-002   12.602713790765153        1.0000026565177940        12.602713790765151        1.0000053130426452
 2 xlambda   12.602713790765153       0.99955927721463200
  ***********************************************
  *** Learn Path           12
  *** loss function: -0.65812841726785287
  *** contribution from regularisation:  2.94783608004399065E-003
  *** contribution from error: -0.66107625334789688
  *** contribution from DIAG:  1.17317438E-02
  ***********************************************

 ---------------------------------------------------

 Iteration :          100
 SIGNIFICANCE OF OUTPUTS IN LAYER 1
 RANK           1  NODE           6  -->   7.2624218332951793       sigma out           9  active outputs
 RANK           2  NODE           1  -->   4.1295830800835267       sigma out           9  active outputs
 RANK           3  NODE           5  -->   3.5415807965561528       sigma out           9  active outputs
 RANK           4  NODE           3  -->   2.4336178195389611       sigma out           9  active outputs
 RANK           5  NODE           2  -->   2.2270555762684991       sigma out           9  active outputs
 RANK           6  NODE           4  -->   2.2173398667701409       sigma out           9  active outputs
 SIGNIFICANCE OF INPUTS TO LAYER 2
     sorted by input significance
 RANK           1  NODE           7  -->   5.3883904246074330       sigma in           6 act. (   8.7174900144235856       sig out           1 act.)
 RANK           2  NODE           6  -->   3.7536665183062978       sigma in           6 act. (   8.1348086118470011       sig out           1 act.)
 RANK           3  NODE           4  -->   3.6398390040766926       sigma in           6 act. (   8.4379859016321959       sig out           1 act.)
 RANK           4  NODE           9  -->   3.3757077208418536       sigma in           6 act. (   7.2960582140956900       sig out           1 act.)
 RANK           5  NODE           2  -->   3.1048094869831075       sigma in           6 act. (   2.5525893417108141       sig out           1 act.)
 RANK           6  NODE           5  -->   2.3233351991003524       sigma in           6 act. (  0.83884874990658720       sig out           1 act.)
 RANK           7  NODE           3  -->   2.3001253792424530       sigma in           6 act. (  0.72161992355058890       sig out           1 act.)
 RANK           8  NODE           8  -->   2.2571663582472810       sigma in           6 act. (   1.8010285138136908       sig out           1 act.)
 RANK           9  NODE           1  -->   2.2240033131771102       sigma in           6 act. (   1.1129830808658197       sig out           1 act.)
     sorted by output significance
 RANK           1  NODE           7  -->   8.7174900144235856       sigma out           1 act.(   5.3883904246074330       sig in           6 act.)
 RANK           2  NODE           4  -->   8.4379859016321959       sigma out           1 act.(   3.6398390040766926       sig in           6 act.)
 RANK           3  NODE           6  -->   8.1348086118470011       sigma out           1 act.(   3.7536665183062978       sig in           6 act.)
 RANK           4  NODE           9  -->   7.2960582140956900       sigma out           1 act.(   3.3757077208418536       sig in           6 act.)
 RANK           5  NODE           2  -->   2.5525893417108141       sigma out           1 act.(   3.1048094869831075       sig in           6 act.)
 RANK           6  NODE           8  -->   1.8010285138136908       sigma out           1 act.(   2.2571663582472810       sig in           6 act.)
 RANK           7  NODE           1  -->   1.1129830808658197       sigma out           1 act.(   2.2240033131771102       sig in           6 act.)
 RANK           8  NODE           5  -->  0.83884874990658720       sigma out           1 act.(   2.3233351991003524       sig in           6 act.)
 RANK           9  NODE           3  -->  0.72161992355058890       sigma out           1 act.(   2.3001253792424530       sig in           6 act.)
 RANK            1  NODE           1  -->   16.698034757873039       sigma in           9  active inputs
  ***********************************************
  *** Learn Path          100
  *** loss function: -0.65796978001248807
  *** contribution from regularisation:  3.10647333541039542E-003
  *** contribution from error: -0.66107625334789843
  *** contribution from DIAG:  2.98124030E-02
  ***********************************************
 -----------------> Test sample
 END OF LEARNING , export EXPERTISE
 WRITE NETWORK WEIGHTS TO EXPERTISE
 NB_AHITOUT: storage space       17224
