
       <<            hh                    tt  >>
     <<              hh       ii           tt    >>
   <<                hh                  tttttt    >>
 <<        ppppp     hhhhhh   ii           tt        >>
   <<      pp  pp    hhh  hh  ii  -----    tt      >>
     <<    pp  pp    hh   hh  ii  -----    tt    >>
       <<  ppppp     hh   hh  ii           tt  >>
           pp
           pp  //////////////////////////////
           pp  \\\\\\\\\\\\\\\\\\\\\\\\\\\\\\   Phi-T(R) NeuroBayes(R) Teacher

  Algorithms by Michael Feindt
  Implementation by Phi-T GmbH 2001-2011
  Copyright Phi-T GmbH
  Version     20101019
  Library compiled with:
   Number of Events=      100000
   NB_MAXNODE   =         300
  -----------------------------------

 preprocessing flags/parameters:
 individual preprocessing:
 variable #           2  : PreproFlag =           1          14  , no parameters
 variable #           3  : PreproFlag =           1          19  , no parameters
 variable #           4  : PreproFlag =           1          14  , no parameters
 variable #           5  : PreproFlag =           1          14  , no parameters
 variable #           6  : PreproFlag =           1          14  , no parameters
 variable #           7  : PreproFlag =           1          14  , no parameters
 variable #           8  : PreproFlag =           1          14  , no parameters
 variable #           9  : PreproFlag =           1          14  , no parameters
 variable #          10  : PreproFlag =           1          19  , no parameters
 variable #          11  : PreproFlag =           1          34  , no parameters

 Using weight factor:   1.0000000000000000
 now perform preprocessing
 ***  called with option            22
 ***  This will do for you:
 ***    input variable equalisation
 ***    to Gaussian distribution with mean=0 and sigma=1
 ***    Then variables are decorrelated
 ***    and rotated that all correlation to performance is in 2. input node
 Signal fraction:   40.105000      %
 ------------------------------
Transdef: Tab for variable   1             -1.0000                 -1.0000                 -1.0000                 -1.0000                 -1.0000                 -1.0000                 -1.0000                 -1.0000                 -1.0000                 -1.0000                 -1.0000                 -1.0000                 -1.0000                 -1.0000                 -1.0000                 -1.0000                 -1.0000                 -1.0000                 -1.0000                 -1.0000                 -1.0000                 -1.0000                 -1.0000                 -1.0000                 -1.0000                 -1.0000                 -1.0000                 -1.0000                 -1.0000                 -1.0000                 -1.0000                 -1.0000                 -1.0000                 -1.0000                 -1.0000                 -1.0000                 -1.0000                 -1.0000                 -1.0000                 -1.0000                 -1.0000                 -1.0000                 -1.0000                 -1.0000                 -1.0000                 -1.0000                 -1.0000                 -1.0000                 -1.0000                 -1.0000                 -1.0000                 -1.0000                 -1.0000                 -1.0000                 -1.0000                 -1.0000                 -1.0000                 -1.0000                 -1.0000                 -1.0000                  1.0000                  1.0000                  1.0000                  1.0000                  1.0000                  1.0000                  1.0000                  1.0000                  1.0000                  1.0000                  1.0000                  1.0000                  1.0000                  1.0000                  1.0000                  1.0000                  1.0000                  1.0000                  1.0000                  1.0000                  1.0000                  1.0000                  1.0000                  1.0000                  1.0000                  1.0000                  1.0000                  1.0000                  1.0000                  1.0000                  1.0000                  1.0000                  1.0000                  1.0000                  1.0000                  1.0000                  1.0000                  1.0000                  1.0000                  1.0000                  1.0000
 ------------------------------
Transdef: Tab for variable   2             -8.3399                 -4.2494                 -3.6911                 -3.3313                 -3.0621                 -2.8533                 -2.6631                 -2.4997                 -2.3494                 -2.2211                 -2.1030                 -1.9852                 -1.8822                 -1.7841                 -1.6871                 -1.5949                 -1.5082                 -1.4253                 -1.3440                 -1.2652                 -1.1886                 -1.1129                 -1.0452                -0.97507                -0.90765                -0.84172                -0.77984                -0.71655                -0.65126                -0.58749                -0.52823                -0.47017                -0.40966                -0.35259                -0.29437                -0.23999                -0.18574                -0.13145                -0.75401E-01            -0.22422E-01             0.33954E-01             0.85978E-01             0.13625                 0.18706                 0.24148                 0.29241                 0.34620                 0.40017                 0.45192                 0.50449                 0.55589                 0.60758                 0.66161                 0.71412                 0.76829                 0.82169                 0.87378                 0.92673                 0.98089                  1.0328                  1.0849                  1.1413                  1.1980                  1.2533                  1.3107                  1.3628                  1.4189                  1.4796                  1.5352                  1.5927                  1.6547                  1.7180                  1.7771                  1.8392                  1.9045                  1.9683                  2.0361                  2.1022                  2.1688                  2.2388                  2.3113                  2.3843                  2.4588                  2.5324                  2.6158                  2.7009                  2.7930                  2.8918                  2.9930                  3.0943                  3.2166                  3.3357                  3.4653                  3.6100                  3.7794                  3.9568                  4.1719                  4.4384                  4.7932                  5.3752                  10.030
 do regularised spline fit for input variable #           2
 ------------------------------
Transdef: Tab for variable   3              0.0000                  2.0000                  2.0000                  2.0000                  3.0000                  3.0000                  3.0000                  3.0000                  3.0000                  3.0000                  3.0000                  3.0000                  4.0000                  4.0000                  4.0000                  4.0000                  4.0000                  4.0000                  4.0000                  4.0000                  4.0000                  4.0000                  4.0000                  4.0000                  4.0000                  4.0000                  5.0000                  5.0000                  5.0000                  5.0000                  5.0000                  5.0000                  5.0000                  5.0000                  5.0000                  5.0000                  5.0000                  5.0000                  5.0000                  5.0000                  5.0000                  5.0000                  5.0000                  5.0000                  5.0000                  5.0000                  5.0000                  6.0000                  6.0000                  6.0000                  6.0000                  6.0000                  6.0000                  6.0000                  6.0000                  6.0000                  6.0000                  6.0000                  6.0000                  6.0000                  6.0000                  6.0000                  6.0000                  6.0000                  6.0000                  6.0000                  6.0000                  6.0000                  6.0000                  7.0000                  7.0000                  7.0000                  7.0000                  7.0000                  7.0000                  7.0000                  7.0000                  7.0000                  7.0000                  7.0000                  7.0000                  7.0000                  7.0000                  7.0000                  7.0000                  7.0000                  7.0000                  7.0000                  8.0000                  8.0000                  8.0000                  8.0000                  8.0000                  8.0000                  8.0000                  8.0000                  8.0000                  8.0000                  9.0000                  9.0000                  9.0000
 build map for variable #           3
 ------------------------------
Transdef: Tab for variable   4             -24.498                 -14.485                 -12.398                 -10.922                 -9.8403                 -8.9717                 -8.2152                 -7.5217                 -6.9096                 -6.3153                 -5.7996                 -5.3093                 -4.8481                 -4.4050                 -3.9933                 -3.5951                 -3.2043                 -2.8076                 -2.4107                 -2.0447                 -1.6765                 -1.3170                -0.93292                -0.59677                -0.22041                 0.11935                 0.48761                 0.84482                  1.2056                  1.5705                  1.9238                  2.3048                  2.6866                  3.0638                  3.4378                  3.8270                  4.2239                  4.6150                  5.0176                  5.4092                  5.8297                  6.2259                  6.6549                  7.0985                  7.5157                  7.9579                  8.4154                  8.8605                  9.3373                  9.8262                  10.312                  10.813                  11.333                  11.878                  12.428                  13.025                  13.601                  14.234                  14.883                  15.529                  16.236                  16.919                  17.629                  18.347                  19.116                  19.932                  20.784                  21.665                  22.650                  23.615                  24.668                  25.807                  27.024                  28.211                  29.511                  30.926                  32.450                  34.023                  35.803                  37.715                  39.948                  42.197                  44.621                  47.341                  50.323                  53.686                  57.533                  61.791                  66.495                  71.923                  79.046                  87.944                  98.318                  111.45                  128.20                  151.61                  187.12                  247.37                  364.63                  708.82                 0.94568E+06
 do regularised spline fit for input variable #           4
 ------------------------------
Transdef: Tab for variable   5             -22.790                 -9.9587                 -8.4082                 -7.4062                 -6.7128                 -6.1825                 -5.7579                 -5.3910                 -5.0848                 -4.8050                 -4.5405                 -4.2980                 -4.0772                 -3.8635                 -3.6694                 -3.4978                 -3.3328                 -3.1792                 -3.0303                 -2.8779                 -2.7345                 -2.6040                 -2.4835                 -2.3569                 -2.2411                 -2.1267                 -2.0149                 -1.9077                 -1.8025                 -1.7065                 -1.6113                 -1.5183                 -1.4216                 -1.3320                 -1.2433                 -1.1619                 -1.0799                -0.99559                -0.91617                -0.83610                -0.75951                -0.67835                -0.60091                -0.52567                -0.44682                -0.37286                -0.30286                -0.22756                -0.15480                -0.84919E-01            -0.15411E-01             0.58544E-01             0.13012                 0.20542                 0.28288                 0.35868                 0.43238                 0.50650                 0.58052                 0.66130                 0.73633                 0.81863                 0.89798                 0.98022                  1.0600                  1.1439                  1.2288                  1.3233                  1.4171                  1.5051                  1.5969                  1.6941                  1.7925                  1.8925                  1.9968                  2.1084                  2.2188                  2.3403                  2.4596                  2.5906                  2.7245                  2.8582                  3.0051                  3.1614                  3.3188                  3.4955                  3.6738                  3.8540                  4.0519                  4.2771                  4.5128                  4.7780                  5.0764                  5.3773                  5.7441                  6.1547                  6.7072                  7.3778                  8.3240                  9.8413                  21.766
 do regularised spline fit for input variable #           5
 ------------------------------
Transdef: Tab for variable   6             0.14591E-03             0.73739E-01             0.13464                 0.19524                 0.25147                 0.30928                 0.36795                 0.42174                 0.47772                 0.52987                 0.58358                 0.63488                 0.68810                 0.73966                 0.79203                 0.84660                 0.89906                 0.95371                  1.0129                  1.0732                  1.1389                  1.2023                  1.2673                  1.3373                  1.4138                  1.4979                  1.5929                  1.7113                  1.8631                  2.0998                  2.7380                  3.0374                  3.2148                  3.3508                  3.4669                  3.5704                  3.6627                  3.7459                  3.8262                  3.9017                  3.9789                  4.0532                  4.1287                  4.2063                  4.2821                  4.3620                  4.4460                  4.5289                  4.6171                  4.7161                  4.8181                  4.9249                  5.0462                  5.1747                  5.3069                  5.4469                  5.5893                  5.7125                  5.8280                  5.9280                  6.0169                  6.1025                  6.1798                  6.2561                  6.3304                  6.3944                  6.4604                  6.5191                  6.5778                  6.6332                  6.6881                  6.7435                  6.8005                  6.8532                  6.9034                  6.9551                  7.0079                  7.0597                  7.1116                  7.1685                  7.2262                  7.2826                  7.3415                  7.4071                  7.4665                  7.5333                  7.6031                  7.6775                  7.7585                  7.8516                  7.9625                  8.1003                  8.2982                  8.8681                  9.2782                  9.4634                  9.5993                  9.7188                  9.8229                  9.9150                  10.000
 do regularised spline fit for input variable #           6
 ------------------------------
Transdef: Tab for variable   7             -1.9521                 -1.3906                 -1.1849                 -1.0257                -0.89353                -0.76673                -0.64982                -0.53135                -0.41219                -0.28094                -0.15306                -0.13109E-01             0.13362                 0.31049                 0.50728                 0.72603                 0.94425                  1.1429                  1.3047                  1.4502                  1.5841                  1.7065                  1.8172                  1.9247                  2.0291                  2.1375                  2.2599                  2.3735                  2.4929                  2.6203                  2.7519                  2.8818                  3.0077                  3.1382                  3.2695                  3.3970                  3.5263                  3.6581                  3.7855                  3.9140                  4.0335                  4.1481                  4.2565                  4.3628                  4.4656                  4.5629                  4.6647                  4.7582                  4.8532                  4.9391                  5.0274                  5.1126                  5.1953                  5.2766                  5.3573                  5.4353                  5.5106                  5.5912                  5.6684                  5.7425                  5.8195                  5.8945                  5.9742                  6.0492                  6.1218                  6.1922                  6.2654                  6.3359                  6.4044                  6.4820                  6.5548                  6.6281                  6.7015                  6.7767                  6.8497                  6.9251                  7.0041                  7.0846                  7.1654                  7.2489                  7.3297                  7.4175                  7.5033                  7.5942                  7.6769                  7.7666                  7.8608                  7.9597                  8.0559                  8.1511                  8.2623                  8.3686                  8.4885                  8.5983                  8.7295                  8.8768                  9.0336                  9.2328                  9.4696                  9.8026                  11.848
 do regularised spline fit for input variable #           7
 ------------------------------
Transdef: Tab for variable   8             -7.6345                 -3.2795                 -2.7364                 -2.3691                 -2.1137                 -1.8825                 -1.6888                 -1.5314                 -1.3897                 -1.2589                 -1.1319                 -1.0202                -0.91028                -0.80981                -0.71632                -0.62367                -0.53606                -0.44948                -0.36882                -0.29023                -0.21653                -0.14207                -0.72331E-01            -0.39463E-02             0.65631E-01             0.13142                 0.20185                 0.26785                 0.33482                 0.39776                 0.45767                 0.52024                 0.57806                 0.63446                 0.69121                 0.74588                 0.80250                 0.85692                 0.91347                 0.96673                  1.0220                  1.0752                  1.1269                  1.1800                  1.2351                  1.2883                  1.3389                  1.3907                  1.4450                  1.4960                  1.5514                  1.6032                  1.6575                  1.7094                  1.7650                  1.8210                  1.8734                  1.9258                  1.9821                  2.0390                  2.0954                  2.1470                  2.2016                  2.2586                  2.3144                  2.3694                  2.4242                  2.4835                  2.5431                  2.6009                  2.6621                  2.7214                  2.7837                  2.8466                  2.9123                  2.9787                  3.0466                  3.1169                  3.1852                  3.2584                  3.3298                  3.4054                  3.4835                  3.5595                  3.6421                  3.7294                  3.8229                  3.9200                  4.0204                  4.1295                  4.2476                  4.3716                  4.5033                  4.6605                  4.8206                  5.0030                  5.2179                  5.4934                  5.8660                  6.4477                  11.028
 do regularised spline fit for input variable #           8
 ------------------------------
Transdef: Tab for variable   9             -1.2037                 0.45229E-01             0.91066E-01             0.12849                 0.16250                 0.19418                 0.22206                 0.24993                 0.27577                 0.29985                 0.32544                 0.35010                 0.37333                 0.39737                 0.41915                 0.44166                 0.46433                 0.48582                 0.50774                 0.52908                 0.55127                 0.57230                 0.59224                 0.61259                 0.63204                 0.65228                 0.67228                 0.69173                 0.71049                 0.72951                 0.74803                 0.76700                 0.78608                 0.80431                 0.82312                 0.84288                 0.86178                 0.87983                 0.89942                 0.91790                 0.93754                 0.95597                 0.97445                 0.99392                  1.0124                  1.0314                  1.0513                  1.0709                  1.0903                  1.1096                  1.1293                  1.1491                  1.1694                  1.1890                  1.2076                  1.2282                  1.2478                  1.2677                  1.2887                  1.3098                  1.3299                  1.3506                  1.3721                  1.3932                  1.4146                  1.4360                  1.4576                  1.4801                  1.5025                  1.5248                  1.5486                  1.5730                  1.5973                  1.6225                  1.6464                  1.6701                  1.6968                  1.7236                  1.7496                  1.7765                  1.8053                  1.8350                  1.8646                  1.8968                  1.9313                  1.9659                  2.0032                  2.0417                  2.0809                  2.1216                  2.1689                  2.2189                  2.2693                  2.3293                  2.3912                  2.4679                  2.5574                  2.6673                  2.8097                  3.0402                  4.9044
 do regularised spline fit for input variable #           9
 ------------------------------
Transdef: Tab for variable  10              0.0000                  0.0000                  0.0000                  0.0000                  0.0000                  0.0000                  0.0000                  0.0000                  0.0000                  0.0000                  0.0000                  0.0000                  0.0000                  0.0000                  0.0000                  0.0000                  0.0000                  0.0000                  1.0000                  1.0000                  1.0000                  1.0000                  1.0000                  1.0000                  1.0000                  1.0000                  1.0000                  1.0000                  1.0000                  2.0000                  2.0000                  3.0000                  3.0000                  3.0000                  3.0000                  3.0000                  3.0000                  3.0000                  3.0000                  3.0000                  3.0000                  4.0000                  4.0000                  4.0000                  4.0000                  4.0000                  4.0000                  4.0000                  4.0000                  4.0000                  4.0000                  4.0000                  5.0000                  5.0000                  5.0000                  5.0000                  5.0000                  5.0000                  5.0000                  5.0000                  6.0000                  6.0000                  6.0000                  6.0000                  6.0000                  6.0000                  6.0000                  6.0000                  6.0000                  6.0000                  6.0000                  6.0000                  6.0000                  6.0000                  6.0000                  6.0000                  7.0000                  7.0000                  7.0000                  7.0000                  7.0000                  7.0000                  7.0000                  7.0000                  7.0000                  7.0000                  7.0000                  7.0000                  7.0000                  7.0000                  7.0000                  8.0000                  8.0000                  8.0000                  9.0000                  9.0000                  9.0000                  9.0000                  9.0000                  9.0000                  9.0000
 build map for variable #          10
 ------------------------------
Transdef: Tab for variable  11             0.35690E-04             0.47584E-01             0.95317E-01             0.14246                 0.18919                 0.23966                 0.28792                 0.33815                 0.38856                 0.44262                 0.49635                 0.55273                 0.61160                 0.66897                 0.72665                 0.78265                 0.84425                 0.90473                 0.96504                  1.0297                  1.0972                  1.1711                  1.2385                  1.3107                  1.3870                  1.4691                  1.5498                  1.6321                  1.7227                  1.8152                  1.9146                  2.0147                  2.1269                  2.2411                  2.3562                  2.4801                  2.6044                  2.7313                  2.8723                  3.0145                  3.1697                  3.3227                  3.4827                  3.6538                  3.8185                  3.9795                  4.1388                  4.2895                  4.4450                  4.6078                  4.7668                  4.9183                  5.0760                  5.2390                  5.3990                  5.5439                  5.6858                  5.8363                  5.9768                  6.1331                  6.2849                  6.4308                  6.5790                  6.7291                  6.8808                  7.0405                  7.1899                  7.3465                  7.5024                  7.6684                  7.8267                  8.0034                  8.1701                  8.3475                  8.5249                  8.7225                  8.9206                  9.1153                  9.3228                  9.5279                  9.7527                  9.9801                  10.200                  10.418                  10.648                  10.878                  11.107                  11.344                  11.599                  11.858                  12.118                  12.404                  12.685                  12.989                  13.325                  13.700                  14.153                  14.754                  15.723                  17.383                  19.857
 do regularised spline fit for input variable #          11
 build map for variable #          11
 TOTAL CORRELATION OF ALL VARIABLES    72.107029572497510
 ROUND           1 : MAX CORR (   72.107019224878002      )  AFTER KILLING INPUT VARIABLE           7  CONTR  3.86299379338053556E-002
 ROUND           2 : MAX CORR (   72.106731518202253      )  AFTER KILLING INPUT VARIABLE           8  CONTR  0.20369403237196987
 ROUND           3 : MAX CORR (   71.938341510666717      )  AFTER KILLING INPUT VARIABLE           9  CONTR   4.9250127850380281
 ROUND           4 : MAX CORR (   71.668345974623293      )  AFTER KILLING INPUT VARIABLE          11  CONTR   6.2268101438064587
 ROUND           5 : MAX CORR (   70.640602495966988      )  AFTER KILLING INPUT VARIABLE           4  CONTR   12.093679909154430
 ROUND           6 : MAX CORR (   69.271558082703820      )  AFTER KILLING INPUT VARIABLE           2  CONTR   13.840013070362639
 ROUND           7 : MAX CORR (   67.587000912565969      )  AFTER KILLING INPUT VARIABLE           5  CONTR   15.183743505809611
 ROUND           8 : MAX CORR (   61.985640834542934      )  AFTER KILLING INPUT VARIABLE           6  CONTR   26.940360478030662
 ROUND           9 : MAX CORR (   53.262548632701254      )  AFTER KILLING INPUT VARIABLE          10  CONTR   31.706790799733902
 LAST REMAINING VARIABLE:            3
 total correlation to target:   72.107029572497510       %
 total significance:   228.02244875820958       sigma
 correlations of single variables to target:
 variable           2 :   25.952641496836389       %  ,  in sigma:   82.069458427804562
 variable           3 :   53.262548632701261       %  ,  in sigma:   168.43096766482304
 variable           4 :   23.452560118643884       %  ,  in sigma:   74.163506936943435
 variable           5 :   27.630758338441819       %  ,  in sigma:   87.376129827165741
 variable           6 :   42.257600691584614       %  ,  in sigma:   133.63026663931390
 variable           7 :  0.19674727149934759       %  ,  in sigma:  0.62216950136146987
 variable           8 :   25.577949162948507       %  ,  in sigma:   80.884577230914559
 variable           9 :   9.6339065173988452       %  ,  in sigma:   30.465087360120922
 variable          10 :   43.047823650074619       %  ,  in sigma:   136.12917104749900
 variable          11 :   13.211279321747330       %  ,  in sigma:   41.777733461406044
 variables sorted by significance:
           1  most relevant variable           3  corr   53.262548632701254       , in sigma:   168.43096766482304
           2  most relevant variable          10  corr   31.706790799733902       , in sigma:   100.26567622163084
           3  most relevant variable           6  corr   26.940360478030662       , in sigma:   85.192900096559498
           4  most relevant variable           5  corr   15.183743505809611       , in sigma:   48.015212886148447
           5  most relevant variable           2  corr   13.840013070362639       , in sigma:   43.765964148846159
           6  most relevant variable           4  corr   12.093679909154430       , in sigma:   38.243573805946212
           7  most relevant variable          11  corr   6.2268101438064587       , in sigma:   19.690902611869021
           8  most relevant variable           9  corr   4.9250127850380281       , in sigma:   15.574257906169409
           9  most relevant variable           8  corr  0.20369403237196987       , in sigma:  0.64413708807949499
          10  most relevant variable           7  corr  3.86299379338053556E-002  , in sigma:  0.12215858974176372
 global correlations between input variables:
 variable           2 :   98.632444371465965       %
 variable           3 :   33.726091749955337       %
 variable           4 :   16.513907554147121       %
 variable           5 :   19.808305921657013       %
 variable           6 :   28.863888513022108       %
 variable           7 :  0.85569506130240625       %
 variable           8 :   98.631268423216625       %
 variable           9 :   6.6176747362534298       %
 variable          10 :   29.206681646956113       %
 variable          11 :   9.8376063912212039       %
 significance loss when removing single variables:
 variable           2 : corr =   2.4241337628443489       %  ,  sigma =   7.6657840435025975
 variable           3 : corr =   33.752680415236107       %  ,  sigma =   106.73534724790393
 variable           4 : corr =   11.890939734151866       %  ,  sigma =   37.602453079716980
 variable           5 : corr =   13.911064300070365       %  ,  sigma =   43.990647865278390
 variable           6 : corr =   23.608055368249136       %  ,  sigma =   74.655226091032432
 variable           7 : corr =  3.86299379338743351E-002  %  ,  sigma =  0.12215858974198186
 variable           8 : corr =  0.20385132799263669       %  ,  sigma =  0.64463450050677207
 variable           9 : corr =   4.9247660511418614       %  ,  sigma =   15.573477665081557
 variable          10 : corr =   24.282591923608120       %  ,  sigma =   76.788297971011076
 variable          11 : corr =   6.2005553656649841       %  ,  sigma =   19.607877713479557
 Keep only           8  most significant input variables
 Sum of Weights for output node            2   100000.00000000000
 FLAT2DEF: TAB(KK=1, II=           2 ) =   -3.1757660
 NVar:    9.0000000            1230
 -------------------------------------
 Teacher: actual network topology:
 Nodes(1)     =            9
 Nodes(2)     =           12
 Nodes(3)     =            1
 -------------------------------------
 NBPRESET: start with small weights from bias node
           for IFIXSHAPE > 0 trainings
 WRITE NETWORK WEIGHTS TO EXPERTISE
 NB_AHITOUT: storage space       29841
